INFO 2025-05-30 23:35:58,724 autoreload 20740 22396 Watching for file changes with StatReloader
INFO 2025-05-30 23:36:03,661 autoreload 20740 22396 D:\projects\TalentZik\config\urls.py changed, reloading.
INFO 2025-05-30 23:41:16,245 autoreload 23324 24060 Watching for file changes with StatReloader
INFO 2025-05-30 23:49:38,112 autoreload 23324 24060 D:\projects\TalentZik\apps\artists\views.py changed, reloading.
INFO 2025-05-30 23:49:40,311 autoreload 21792 22560 Watching for file changes with StatReloader
INFO 2025-05-30 23:49:44,252 autoreload 21792 22560 D:\projects\TalentZik\apps\artists\views.py changed, reloading.
INFO 2025-05-30 23:49:45,484 autoreload 11936 22720 Watching for file changes with StatReloader
INFO 2025-05-31 00:19:32,680 autoreload 3696 20100 Watching for file changes with StatReloader
INFO 2025-05-31 00:28:23,791 autoreload 19920 24264 Watching for file changes with StatReloader
INFO 2025-05-31 00:28:26,189 basehttp 19920 1552 "GET / HTTP/1.1" 200 16006
WARNING 2025-05-31 00:28:26,266 basehttp 19920 1552 "GET /static/css/style.css HTTP/1.1" 404 1899
WARNING 2025-05-31 00:28:27,955 log 19920 25524 Not Found: /favicon.ico
WARNING 2025-05-31 00:28:27,957 basehttp 19920 25524 "GET /favicon.ico HTTP/1.1" 404 2907
INFO 2025-05-31 00:29:39,711 basehttp 19920 25524 "GET /accounts/register/ HTTP/1.1" 200 14869
WARNING 2025-05-31 00:29:39,797 basehttp 19920 25524 "GET /static/css/style.css HTTP/1.1" 404 1899
INFO 2025-05-31 00:29:59,126 basehttp 19920 9684 "GET /accounts/register/artist/ HTTP/1.1" 200 19158
WARNING 2025-05-31 00:29:59,167 basehttp 19920 9684 "GET /static/css/style.css HTTP/1.1" 404 1899
ERROR 2025-05-31 00:30:27,910 log 19920 23952 Internal Server Error: /accounts/register/organizer/
Traceback (most recent call last):
  File "D:\projects\TalentZik\venv\lib\site-packages\django\core\handlers\exception.py", line 55, in inner
    response = get_response(request)
  File "D:\projects\TalentZik\venv\lib\site-packages\django\core\handlers\base.py", line 220, in _get_response
    response = response.render()
  File "D:\projects\TalentZik\venv\lib\site-packages\django\template\response.py", line 114, in render
    self.content = self.rendered_content
  File "D:\projects\TalentZik\venv\lib\site-packages\django\template\response.py", line 90, in rendered_content
    template = self.resolve_template(self.template_name)
  File "D:\projects\TalentZik\venv\lib\site-packages\django\template\response.py", line 72, in resolve_template
    return select_template(template, using=self.using)
  File "D:\projects\TalentZik\venv\lib\site-packages\django\template\loader.py", line 47, in select_template
    raise TemplateDoesNotExist(", ".join(template_name_list), chain=chain)
django.template.exceptions.TemplateDoesNotExist: accounts/organizer_register.html
ERROR 2025-05-31 00:30:27,914 basehttp 19920 23952 "GET /accounts/register/organizer/ HTTP/1.1" 500 93406
INFO 2025-05-31 00:31:59,058 basehttp 19920 23952 "GET /accounts/login/ HTTP/1.1" 200 12141
WARNING 2025-05-31 00:31:59,109 basehttp 19920 23952 "GET /static/css/style.css HTTP/1.1" 404 1899
ERROR 2025-05-31 00:32:09,223 log 19920 24604 Internal Server Error: /artists/search/
Traceback (most recent call last):
  File "D:\projects\TalentZik\venv\lib\site-packages\django\core\handlers\exception.py", line 55, in inner
    response = get_response(request)
  File "D:\projects\TalentZik\venv\lib\site-packages\django\core\handlers\base.py", line 197, in _get_response
    response = wrapped_callback(request, *callback_args, **callback_kwargs)
  File "D:\projects\TalentZik\venv\lib\site-packages\django\views\generic\base.py", line 104, in view
    return self.dispatch(request, *args, **kwargs)
  File "D:\projects\TalentZik\venv\lib\site-packages\django\views\generic\base.py", line 143, in dispatch
    return handler(request, *args, **kwargs)
  File "D:\projects\TalentZik\venv\lib\site-packages\django\views\generic\base.py", line 226, in get
    context = self.get_context_data(**kwargs)
  File "D:\projects\TalentZik\apps\artists\views.py", line 104, in get_context_data
    "top_genres": MusicGenre.objects.annotate(
  File "D:\projects\TalentZik\venv\lib\site-packages\django\db\models\manager.py", line 87, in manager_method
    return getattr(self.get_queryset(), name)(*args, **kwargs)
  File "D:\projects\TalentZik\venv\lib\site-packages\django\db\models\query.py", line 1590, in annotate
    return self._annotate(args, kwargs, select=True)
  File "D:\projects\TalentZik\venv\lib\site-packages\django\db\models\query.py", line 1638, in _annotate
    clone.query.add_annotation(
  File "D:\projects\TalentZik\venv\lib\site-packages\django\db\models\sql\query.py", line 1133, in add_annotation
    annotation = annotation.resolve_expression(self, allow_joins=True, reuse=None)
  File "D:\projects\TalentZik\venv\lib\site-packages\django\db\models\aggregates.py", line 64, in resolve_expression
    c = super().resolve_expression(query, allow_joins, reuse, summarize)
  File "D:\projects\TalentZik\venv\lib\site-packages\django\db\models\expressions.py", line 950, in resolve_expression
    c.source_expressions[pos] = arg.resolve_expression(
  File "D:\projects\TalentZik\venv\lib\site-packages\django\db\models\expressions.py", line 829, in resolve_expression
    return query.resolve_ref(self.name, allow_joins, reuse, summarize)
  File "D:\projects\TalentZik\venv\lib\site-packages\django\db\models\sql\query.py", line 1976, in resolve_ref
    join_info = self.setup_joins(
  File "D:\projects\TalentZik\venv\lib\site-packages\django\db\models\sql\query.py", line 1823, in setup_joins
    path, final_field, targets, rest = self.names_to_path(
  File "D:\projects\TalentZik\venv\lib\site-packages\django\db\models\sql\query.py", line 1724, in names_to_path
    raise FieldError(
django.core.exceptions.FieldError: Cannot resolve keyword 'artistprofile' into field. Choices are: artists, created_at, description, id, is_active, is_traditional, name, slug
ERROR 2025-05-31 00:32:09,234 basehttp 19920 24604 "GET /artists/search/ HTTP/1.1" 500 144047
INFO 2025-05-31 00:32:50,654 basehttp 19920 24604 "GET /accounts/login/ HTTP/1.1" 200 12141
INFO 2025-05-31 00:32:57,209 basehttp 19920 24604 "GET /artists/ HTTP/1.1" 200 12489
WARNING 2025-05-31 00:32:57,262 basehttp 19920 24604 "GET /static/css/style.css HTTP/1.1" 404 1899
ERROR 2025-05-31 00:33:03,960 log 19920 25132 Internal Server Error: /artists/search/
Traceback (most recent call last):
  File "D:\projects\TalentZik\venv\lib\site-packages\django\core\handlers\exception.py", line 55, in inner
    response = get_response(request)
  File "D:\projects\TalentZik\venv\lib\site-packages\django\core\handlers\base.py", line 197, in _get_response
    response = wrapped_callback(request, *callback_args, **callback_kwargs)
  File "D:\projects\TalentZik\venv\lib\site-packages\django\views\generic\base.py", line 104, in view
    return self.dispatch(request, *args, **kwargs)
  File "D:\projects\TalentZik\venv\lib\site-packages\django\views\generic\base.py", line 143, in dispatch
    return handler(request, *args, **kwargs)
  File "D:\projects\TalentZik\venv\lib\site-packages\django\views\generic\base.py", line 226, in get
    context = self.get_context_data(**kwargs)
  File "D:\projects\TalentZik\apps\artists\views.py", line 104, in get_context_data
    "top_genres": MusicGenre.objects.annotate(
  File "D:\projects\TalentZik\venv\lib\site-packages\django\db\models\manager.py", line 87, in manager_method
    return getattr(self.get_queryset(), name)(*args, **kwargs)
  File "D:\projects\TalentZik\venv\lib\site-packages\django\db\models\query.py", line 1590, in annotate
    return self._annotate(args, kwargs, select=True)
  File "D:\projects\TalentZik\venv\lib\site-packages\django\db\models\query.py", line 1638, in _annotate
    clone.query.add_annotation(
  File "D:\projects\TalentZik\venv\lib\site-packages\django\db\models\sql\query.py", line 1133, in add_annotation
    annotation = annotation.resolve_expression(self, allow_joins=True, reuse=None)
  File "D:\projects\TalentZik\venv\lib\site-packages\django\db\models\aggregates.py", line 64, in resolve_expression
    c = super().resolve_expression(query, allow_joins, reuse, summarize)
  File "D:\projects\TalentZik\venv\lib\site-packages\django\db\models\expressions.py", line 950, in resolve_expression
    c.source_expressions[pos] = arg.resolve_expression(
  File "D:\projects\TalentZik\venv\lib\site-packages\django\db\models\expressions.py", line 829, in resolve_expression
    return query.resolve_ref(self.name, allow_joins, reuse, summarize)
  File "D:\projects\TalentZik\venv\lib\site-packages\django\db\models\sql\query.py", line 1976, in resolve_ref
    join_info = self.setup_joins(
  File "D:\projects\TalentZik\venv\lib\site-packages\django\db\models\sql\query.py", line 1823, in setup_joins
    path, final_field, targets, rest = self.names_to_path(
  File "D:\projects\TalentZik\venv\lib\site-packages\django\db\models\sql\query.py", line 1724, in names_to_path
    raise FieldError(
django.core.exceptions.FieldError: Cannot resolve keyword 'artistprofile' into field. Choices are: artists, created_at, description, id, is_active, is_traditional, name, slug
ERROR 2025-05-31 00:33:03,968 basehttp 19920 25132 "GET /artists/search/ HTTP/1.1" 500 144040
INFO 2025-05-31 00:33:07,117 basehttp 19920 25132 "GET /artists/ HTTP/1.1" 200 12489
WARNING 2025-05-31 00:33:07,163 basehttp 19920 25132 "GET /static/css/style.css HTTP/1.1" 404 1899
ERROR 2025-05-31 00:33:09,194 log 19920 23016 Internal Server Error: /artists/search/
Traceback (most recent call last):
  File "D:\projects\TalentZik\venv\lib\site-packages\django\core\handlers\exception.py", line 55, in inner
    response = get_response(request)
  File "D:\projects\TalentZik\venv\lib\site-packages\django\core\handlers\base.py", line 197, in _get_response
    response = wrapped_callback(request, *callback_args, **callback_kwargs)
  File "D:\projects\TalentZik\venv\lib\site-packages\django\views\generic\base.py", line 104, in view
    return self.dispatch(request, *args, **kwargs)
  File "D:\projects\TalentZik\venv\lib\site-packages\django\views\generic\base.py", line 143, in dispatch
    return handler(request, *args, **kwargs)
  File "D:\projects\TalentZik\venv\lib\site-packages\django\views\generic\base.py", line 226, in get
    context = self.get_context_data(**kwargs)
  File "D:\projects\TalentZik\apps\artists\views.py", line 104, in get_context_data
    "top_genres": MusicGenre.objects.annotate(
  File "D:\projects\TalentZik\venv\lib\site-packages\django\db\models\manager.py", line 87, in manager_method
    return getattr(self.get_queryset(), name)(*args, **kwargs)
  File "D:\projects\TalentZik\venv\lib\site-packages\django\db\models\query.py", line 1590, in annotate
    return self._annotate(args, kwargs, select=True)
  File "D:\projects\TalentZik\venv\lib\site-packages\django\db\models\query.py", line 1638, in _annotate
    clone.query.add_annotation(
  File "D:\projects\TalentZik\venv\lib\site-packages\django\db\models\sql\query.py", line 1133, in add_annotation
    annotation = annotation.resolve_expression(self, allow_joins=True, reuse=None)
  File "D:\projects\TalentZik\venv\lib\site-packages\django\db\models\aggregates.py", line 64, in resolve_expression
    c = super().resolve_expression(query, allow_joins, reuse, summarize)
  File "D:\projects\TalentZik\venv\lib\site-packages\django\db\models\expressions.py", line 950, in resolve_expression
    c.source_expressions[pos] = arg.resolve_expression(
  File "D:\projects\TalentZik\venv\lib\site-packages\django\db\models\expressions.py", line 829, in resolve_expression
    return query.resolve_ref(self.name, allow_joins, reuse, summarize)
  File "D:\projects\TalentZik\venv\lib\site-packages\django\db\models\sql\query.py", line 1976, in resolve_ref
    join_info = self.setup_joins(
  File "D:\projects\TalentZik\venv\lib\site-packages\django\db\models\sql\query.py", line 1823, in setup_joins
    path, final_field, targets, rest = self.names_to_path(
  File "D:\projects\TalentZik\venv\lib\site-packages\django\db\models\sql\query.py", line 1724, in names_to_path
    raise FieldError(
django.core.exceptions.FieldError: Cannot resolve keyword 'artistprofile' into field. Choices are: artists, created_at, description, id, is_active, is_traditional, name, slug
ERROR 2025-05-31 00:33:09,200 basehttp 19920 23016 "GET /artists/search/ HTTP/1.1" 500 144040
INFO 2025-05-31 00:33:23,610 basehttp 19920 23016 "GET / HTTP/1.1" 200 16006
WARNING 2025-05-31 00:33:23,660 basehttp 19920 23016 "GET /static/css/style.css HTTP/1.1" 404 1899
INFO 2025-05-31 00:33:57,720 basehttp 19920 22616 "GET /accounts/login/ HTTP/1.1" 200 12141
WARNING 2025-05-31 00:33:57,788 basehttp 19920 22616 "GET /static/css/style.css HTTP/1.1" 404 1899
INFO 2025-05-31 00:34:00,904 basehttp 19920 13796 "GET /accounts/register/ HTTP/1.1" 200 14869
WARNING 2025-05-31 00:34:00,948 basehttp 19920 13796 "GET /static/css/style.css HTTP/1.1" 404 1899
INFO 2025-05-31 00:34:02,265 basehttp 19920 24400 "GET /accounts/register/artist/ HTTP/1.1" 200 19158
WARNING 2025-05-31 00:34:02,312 basehttp 19920 24400 "GET /static/css/style.css HTTP/1.1" 404 1899
INFO 2025-05-31 00:34:38,565 basehttp 19920 25244 "POST /accounts/register/artist/ HTTP/1.1" 302 0
INFO 2025-05-31 00:34:38,577 basehttp 19920 25244 "GET /accounts/login/ HTTP/1.1" 302 0
INFO 2025-05-31 00:34:38,593 basehttp 19920 25244 "GET /accounts/profile/ HTTP/1.1" 200 24206
WARNING 2025-05-31 00:34:38,661 basehttp 19920 25244 "GET /static/css/style.css HTTP/1.1" 404 1899
INFO 2025-05-31 00:36:16,771 basehttp 19920 23136 "GET /media/ HTTP/1.1" 200 26012
WARNING 2025-05-31 00:36:16,814 basehttp 19920 23136 "GET /static/css/style.css HTTP/1.1" 404 1899
INFO 2025-05-31 00:36:21,295 basehttp 19920 21136 "GET /media/ HTTP/1.1" 200 26012
WARNING 2025-05-31 00:36:21,340 basehttp 19920 21136 "GET /static/css/style.css HTTP/1.1" 404 1899
INFO 2025-05-31 00:36:31,110 basehttp 19920 21476 "GET /media/upload/audio/ HTTP/1.1" 200 23835
WARNING 2025-05-31 00:36:31,155 basehttp 19920 21476 "GET /static/css/style.css HTTP/1.1" 404 1899
ERROR 2025-05-31 00:36:50,247 log 19920 21904 Internal Server Error: /accounts/profile/edit/
Traceback (most recent call last):
  File "D:\projects\TalentZik\venv\lib\site-packages\django\core\handlers\exception.py", line 55, in inner
    response = get_response(request)
  File "D:\projects\TalentZik\venv\lib\site-packages\django\core\handlers\base.py", line 220, in _get_response
    response = response.render()
  File "D:\projects\TalentZik\venv\lib\site-packages\django\template\response.py", line 114, in render
    self.content = self.rendered_content
  File "D:\projects\TalentZik\venv\lib\site-packages\django\template\response.py", line 90, in rendered_content
    template = self.resolve_template(self.template_name)
  File "D:\projects\TalentZik\venv\lib\site-packages\django\template\response.py", line 72, in resolve_template
    return select_template(template, using=self.using)
  File "D:\projects\TalentZik\venv\lib\site-packages\django\template\loader.py", line 47, in select_template
    raise TemplateDoesNotExist(", ".join(template_name_list), chain=chain)
django.template.exceptions.TemplateDoesNotExist: accounts/edit_profile.html
ERROR 2025-05-31 00:36:50,251 basehttp 19920 21904 "GET /accounts/profile/edit/ HTTP/1.1" 500 93408
INFO 2025-05-31 00:37:44,086 basehttp 19920 21904 "GET /accounts/profile/ HTTP/1.1" 200 23213
ERROR 2025-05-31 00:39:20,068 log 19920 21904 Internal Server Error: /accounts/password/change/
Traceback (most recent call last):
  File "D:\projects\TalentZik\venv\lib\site-packages\django\core\handlers\exception.py", line 55, in inner
    response = get_response(request)
  File "D:\projects\TalentZik\venv\lib\site-packages\django\core\handlers\base.py", line 220, in _get_response
    response = response.render()
  File "D:\projects\TalentZik\venv\lib\site-packages\django\template\response.py", line 114, in render
    self.content = self.rendered_content
  File "D:\projects\TalentZik\venv\lib\site-packages\django\template\response.py", line 90, in rendered_content
    template = self.resolve_template(self.template_name)
  File "D:\projects\TalentZik\venv\lib\site-packages\django\template\response.py", line 72, in resolve_template
    return select_template(template, using=self.using)
  File "D:\projects\TalentZik\venv\lib\site-packages\django\template\loader.py", line 47, in select_template
    raise TemplateDoesNotExist(", ".join(template_name_list), chain=chain)
django.template.exceptions.TemplateDoesNotExist: accounts/change_password.html
ERROR 2025-05-31 00:39:20,071 basehttp 19920 21904 "GET /accounts/password/change/ HTTP/1.1" 500 93486
ERROR 2025-05-31 00:40:25,730 log 19920 21904 Internal Server Error: /reviews/my-reviews/
Traceback (most recent call last):
  File "D:\projects\TalentZik\venv\lib\site-packages\django\core\handlers\exception.py", line 55, in inner
    response = get_response(request)
  File "D:\projects\TalentZik\venv\lib\site-packages\django\core\handlers\base.py", line 220, in _get_response
    response = response.render()
  File "D:\projects\TalentZik\venv\lib\site-packages\django\template\response.py", line 114, in render
    self.content = self.rendered_content
  File "D:\projects\TalentZik\venv\lib\site-packages\django\template\response.py", line 90, in rendered_content
    template = self.resolve_template(self.template_name)
  File "D:\projects\TalentZik\venv\lib\site-packages\django\template\response.py", line 72, in resolve_template
    return select_template(template, using=self.using)
  File "D:\projects\TalentZik\venv\lib\site-packages\django\template\loader.py", line 47, in select_template
    raise TemplateDoesNotExist(", ".join(template_name_list), chain=chain)
django.template.exceptions.TemplateDoesNotExist: reviews/my_reviews.html
ERROR 2025-05-31 00:40:25,734 basehttp 19920 21904 "GET /reviews/my-reviews/ HTTP/1.1" 500 93330
INFO 2025-05-31 00:40:56,567 basehttp 19920 21904 "GET /media/ HTTP/1.1" 200 26012
WARNING 2025-05-31 00:40:56,619 basehttp 19920 21904 "GET /static/css/style.css HTTP/1.1" 404 1899
INFO 2025-05-31 00:40:59,300 basehttp 19920 20112 "GET /media/upload/video/ HTTP/1.1" 200 27772
WARNING 2025-05-31 00:40:59,338 basehttp 19920 20112 "GET /static/css/style.css HTTP/1.1" 404 1899
INFO 2025-05-31 00:41:02,365 basehttp 19920 5700 "GET /media/upload/photo/ HTTP/1.1" 200 25421
WARNING 2025-05-31 00:41:02,410 basehttp 19920 5700 "GET /static/css/style.css HTTP/1.1" 404 1899
ERROR 2025-05-31 00:41:06,450 log 19920 8532 Internal Server Error: /media/upload/document/
Traceback (most recent call last):
  File "D:\projects\TalentZik\venv\lib\site-packages\django\core\handlers\exception.py", line 55, in inner
    response = get_response(request)
  File "D:\projects\TalentZik\venv\lib\site-packages\django\core\handlers\base.py", line 220, in _get_response
    response = response.render()
  File "D:\projects\TalentZik\venv\lib\site-packages\django\template\response.py", line 114, in render
    self.content = self.rendered_content
  File "D:\projects\TalentZik\venv\lib\site-packages\django\template\response.py", line 90, in rendered_content
    template = self.resolve_template(self.template_name)
  File "D:\projects\TalentZik\venv\lib\site-packages\django\template\response.py", line 72, in resolve_template
    return select_template(template, using=self.using)
  File "D:\projects\TalentZik\venv\lib\site-packages\django\template\loader.py", line 47, in select_template
    raise TemplateDoesNotExist(", ".join(template_name_list), chain=chain)
django.template.exceptions.TemplateDoesNotExist: media_files/upload_document.html
ERROR 2025-05-31 00:41:06,455 basehttp 19920 8532 "GET /media/upload/document/ HTTP/1.1" 500 93499
INFO 2025-05-31 00:41:29,905 basehttp 19920 8532 "GET /media/upload/audio/ HTTP/1.1" 200 23835
WARNING 2025-05-31 00:41:29,953 basehttp 19920 8532 "GET /static/css/style.css HTTP/1.1" 404 1899
INFO 2025-05-31 00:41:32,816 basehttp 19920 20544 "GET /media/upload/video/ HTTP/1.1" 200 27772
WARNING 2025-05-31 00:41:32,862 basehttp 19920 20544 "GET /static/css/style.css HTTP/1.1" 404 1899
INFO 2025-05-31 00:41:34,721 basehttp 19920 11316 "GET /media/upload/photo/ HTTP/1.1" 200 25421
WARNING 2025-05-31 00:41:34,762 basehttp 19920 11316 "GET /static/css/style.css HTTP/1.1" 404 1899
INFO 2025-05-31 00:41:39,660 basehttp 19920 8952 "GET /media/upload/photo/ HTTP/1.1" 200 25421
WARNING 2025-05-31 00:41:39,709 basehttp 19920 8952 "GET /static/css/style.css HTTP/1.1" 404 1899
ERROR 2025-05-31 00:42:05,401 services 19920 21596 Erreur lors de l'optimisation d'image : [Errno 2] No such file or directory: 'D:\\projects\\TalentZik\\media\\TMAR9769 - Copy.JPG'
INFO 2025-05-31 00:42:05,427 basehttp 19920 21596 "POST /media/upload/photo/ HTTP/1.1" 302 0
INFO 2025-05-31 00:42:05,447 basehttp 19920 21596 "GET /media/ HTTP/1.1" 200 28182
WARNING 2025-05-31 00:42:05,494 basehttp 19920 11704 "GET /static/css/style.css HTTP/1.1" 404 1899
INFO 2025-05-31 00:42:05,610 basehttp 19920 21596 "GET /media/media/photos/2025/05/TMAR9769_-_Copy.JPG HTTP/1.1" 200 54765
INFO 2025-05-31 00:42:18,862 basehttp 19920 21596 "GET /media/upload/photo/ HTTP/1.1" 200 25421
INFO 2025-05-31 00:42:19,659 basehttp 19920 21596 "GET /media/ HTTP/1.1" 200 27304
INFO 2025-05-31 00:42:22,927 basehttp 19920 4708 "GET /accounts/profile/ HTTP/1.1" 200 23213
WARNING 2025-05-31 00:42:22,959 basehttp 19920 4708 "GET /static/css/style.css HTTP/1.1" 404 1899
INFO 2025-05-31 00:42:24,795 basehttp 19920 13172 "GET /media/ HTTP/1.1" 200 27304
INFO 2025-05-31 00:42:24,839 basehttp 19920 15892 "GET /media/media/photos/2025/05/TMAR9769_-_Copy.JPG HTTP/1.1" 304 0
WARNING 2025-05-31 00:42:24,851 basehttp 19920 13172 "GET /static/css/style.css HTTP/1.1" 404 1899
INFO 2025-05-31 00:44:23,279 basehttp 19920 15892 "GET / HTTP/1.1" 200 20708
WARNING 2025-05-31 00:44:23,347 basehttp 19920 15892 "GET /static/css/style.css HTTP/1.1" 404 1899
INFO 2025-05-31 00:44:59,079 basehttp 19920 11268 "GET /accounts/logout/ HTTP/1.1" 302 0
INFO 2025-05-31 00:44:59,094 basehttp 19920 11268 "GET / HTTP/1.1" 200 16870
WARNING 2025-05-31 00:44:59,171 basehttp 19920 11268 "GET /static/css/style.css HTTP/1.1" 404 1899
INFO 2025-05-31 00:49:41,138 basehttp 19920 11416 "GET /artists/ HTTP/1.1" 200 15784
WARNING 2025-05-31 00:49:41,200 basehttp 19920 11416 "GET /static/css/style.css HTTP/1.1" 404 1899
ERROR 2025-05-31 00:49:51,683 log 19920 24448 Internal Server Error: /artists/1/
Traceback (most recent call last):
  File "D:\projects\TalentZik\venv\lib\site-packages\django\core\handlers\exception.py", line 55, in inner
    response = get_response(request)
  File "D:\projects\TalentZik\venv\lib\site-packages\django\core\handlers\base.py", line 197, in _get_response
    response = wrapped_callback(request, *callback_args, **callback_kwargs)
  File "D:\projects\TalentZik\venv\lib\site-packages\django\views\generic\base.py", line 104, in view
    return self.dispatch(request, *args, **kwargs)
  File "D:\projects\TalentZik\venv\lib\site-packages\django\views\generic\base.py", line 143, in dispatch
    return handler(request, *args, **kwargs)
  File "D:\projects\TalentZik\venv\lib\site-packages\django\views\generic\detail.py", line 109, in get
    context = self.get_context_data(object=self.object)
  File "D:\projects\TalentZik\apps\artists\views.py", line 199, in get_context_data
    "page_title": f"Profil de {artist.display_name}",
AttributeError: 'ArtistProfile' object has no attribute 'display_name'
ERROR 2025-05-31 00:49:51,687 basehttp 19920 24448 "GET /artists/1/ HTTP/1.1" 500 93356
ERROR 2025-05-31 00:50:16,093 log 19920 24448 Internal Server Error: /artists/1/whatsapp/
Traceback (most recent call last):
  File "D:\projects\TalentZik\venv\lib\site-packages\django\core\handlers\exception.py", line 55, in inner
    response = get_response(request)
  File "D:\projects\TalentZik\venv\lib\site-packages\django\core\handlers\base.py", line 197, in _get_response
    response = wrapped_callback(request, *callback_args, **callback_kwargs)
  File "D:\projects\TalentZik\venv\lib\site-packages\django\views\generic\base.py", line 104, in view
    return self.dispatch(request, *args, **kwargs)
  File "D:\projects\TalentZik\venv\lib\site-packages\django\views\generic\base.py", line 143, in dispatch
    return handler(request, *args, **kwargs)
  File "D:\projects\TalentZik\apps\artists\views.py", line 240, in get
    WhatsAppClick.objects.create(
  File "D:\projects\TalentZik\venv\lib\site-packages\django\db\models\manager.py", line 87, in manager_method
    return getattr(self.get_queryset(), name)(*args, **kwargs)
  File "D:\projects\TalentZik\venv\lib\site-packages\django\db\models\query.py", line 656, in create
    obj = self.model(**kwargs)
  File "D:\projects\TalentZik\venv\lib\site-packages\django\db\models\base.py", line 567, in __init__
    raise TypeError(
TypeError: WhatsAppClick() got unexpected keyword arguments: 'clicked_by', 'clicked_from_ip'
ERROR 2025-05-31 00:50:16,098 basehttp 19920 24448 "GET /artists/1/whatsapp/ HTTP/1.1" 500 103887
ERROR 2025-05-31 00:50:25,548 log 19920 24448 Internal Server Error: /artists/search/
Traceback (most recent call last):
  File "D:\projects\TalentZik\venv\lib\site-packages\django\core\handlers\exception.py", line 55, in inner
    response = get_response(request)
  File "D:\projects\TalentZik\venv\lib\site-packages\django\core\handlers\base.py", line 197, in _get_response
    response = wrapped_callback(request, *callback_args, **callback_kwargs)
  File "D:\projects\TalentZik\venv\lib\site-packages\django\views\generic\base.py", line 104, in view
    return self.dispatch(request, *args, **kwargs)
  File "D:\projects\TalentZik\venv\lib\site-packages\django\views\generic\base.py", line 143, in dispatch
    return handler(request, *args, **kwargs)
  File "D:\projects\TalentZik\venv\lib\site-packages\django\views\generic\base.py", line 226, in get
    context = self.get_context_data(**kwargs)
  File "D:\projects\TalentZik\apps\artists\views.py", line 72, in get_context_data
    queryset = form.filter_queryset(queryset)
  File "D:\projects\TalentZik\apps\artists\forms.py", line 255, in filter_queryset
    queryset = queryset.order_by(sort_by)
  File "D:\projects\TalentZik\venv\lib\site-packages\django\db\models\query.py", line 1659, in order_by
    obj.query.add_ordering(*field_names)
  File "D:\projects\TalentZik\venv\lib\site-packages\django\db\models\sql\query.py", line 2221, in add_ordering
    self.names_to_path(item.split(LOOKUP_SEP), self.model._meta)
  File "D:\projects\TalentZik\venv\lib\site-packages\django\db\models\sql\query.py", line 1724, in names_to_path
    raise FieldError(
django.core.exceptions.FieldError: Cannot resolve keyword '' into field. Choices are: audiofile, bio, city, created_at, documentfile, genres, id, instruments, is_available, media_quota, phone_number, photofile, profile_picture, profile_views, profile_views_log, rating_average, region, review_requests, review_stats, reviews, roles, stage_name, total_reviews, updated_at, user, user_id, videofile, whatsapp_clicks, whatsapp_number
ERROR 2025-05-31 00:50:25,553 basehttp 19920 24448 "GET /artists/search/?is_available=on HTTP/1.1" 500 114431
INFO 2025-05-31 00:50:42,459 autoreload 19920 24264 D:\projects\TalentZik\apps\artists\views.py changed, reloading.
INFO 2025-05-31 00:50:43,877 autoreload 18384 2040 Watching for file changes with StatReloader
INFO 2025-05-31 00:50:48,518 autoreload 18384 2040 D:\projects\TalentZik\apps\artists\views.py changed, reloading.
INFO 2025-05-31 00:50:49,727 autoreload 23336 20108 Watching for file changes with StatReloader
INFO 2025-05-31 00:51:05,099 autoreload 23336 20108 D:\projects\TalentZik\apps\artists\views.py changed, reloading.
INFO 2025-05-31 00:51:07,104 autoreload 24364 23036 Watching for file changes with StatReloader
INFO 2025-05-31 00:51:09,579 autoreload 24364 23036 D:\projects\TalentZik\apps\artists\views.py changed, reloading.
INFO 2025-05-31 00:51:10,959 autoreload 14148 24328 Watching for file changes with StatReloader
INFO 2025-05-31 00:56:33,848 basehttp 14148 23816 "GET / HTTP/1.1" 200 16006
WARNING 2025-05-31 00:56:33,903 basehttp 14148 23816 "GET /static/css/style.css HTTP/1.1" 404 1899
INFO 2025-05-31 00:56:38,306 basehttp 14148 11540 "GET /artists/search/ HTTP/1.1" 200 29755
WARNING 2025-05-31 00:56:38,351 basehttp 14148 11540 "GET /static/css/style.css HTTP/1.1" 404 1899
ERROR 2025-05-31 00:57:21,403 log 14148 24992 Internal Server Error: /artists/1/
Traceback (most recent call last):
  File "D:\projects\TalentZik\venv\lib\site-packages\django\core\handlers\exception.py", line 55, in inner
    response = get_response(request)
  File "D:\projects\TalentZik\venv\lib\site-packages\django\core\handlers\base.py", line 197, in _get_response
    response = wrapped_callback(request, *callback_args, **callback_kwargs)
  File "D:\projects\TalentZik\venv\lib\site-packages\django\views\generic\base.py", line 104, in view
    return self.dispatch(request, *args, **kwargs)
  File "D:\projects\TalentZik\venv\lib\site-packages\django\views\generic\base.py", line 143, in dispatch
    return handler(request, *args, **kwargs)
  File "D:\projects\TalentZik\venv\lib\site-packages\django\views\generic\detail.py", line 109, in get
    context = self.get_context_data(object=self.object)
  File "D:\projects\TalentZik\apps\artists\views.py", line 197, in get_context_data
    "page_title": f"Profil de {artist.display_name}",
AttributeError: 'ArtistProfile' object has no attribute 'display_name'
ERROR 2025-05-31 00:57:21,407 basehttp 14148 24992 "GET /artists/1/ HTTP/1.1" 500 93363
INFO 2025-05-31 00:57:27,906 basehttp 14148 24992 "GET /accounts/login/ HTTP/1.1" 200 12141
WARNING 2025-05-31 00:57:27,957 basehttp 14148 24992 "GET /static/css/style.css HTTP/1.1" 404 1899
INFO 2025-05-31 00:57:30,067 basehttp 14148 1256 "GET /accounts/register/ HTTP/1.1" 200 14869
WARNING 2025-05-31 00:57:30,103 basehttp 14148 1256 "GET /static/css/style.css HTTP/1.1" 404 1899
INFO 2025-05-31 00:57:31,642 basehttp 14148 16604 "GET /accounts/register/organizer/ HTTP/1.1" 200 17864
WARNING 2025-05-31 00:57:31,687 basehttp 14148 16604 "GET /static/css/style.css HTTP/1.1" 404 1899
INFO 2025-05-31 00:57:49,552 basehttp 14148 20884 "GET /accounts/login/ HTTP/1.1" 200 12141
WARNING 2025-05-31 00:57:49,597 basehttp 14148 20884 "GET /static/css/style.css HTTP/1.1" 404 1899
INFO 2025-05-31 00:58:05,876 basehttp 14148 8360 "POST /accounts/login/ HTTP/1.1" 302 0
INFO 2025-05-31 00:58:05,895 basehttp 14148 8360 "GET /accounts/profile/ HTTP/1.1" 200 24119
WARNING 2025-05-31 00:58:05,945 basehttp 14148 8360 "GET /static/css/style.css HTTP/1.1" 404 1899
ERROR 2025-05-31 00:58:16,981 log 14148 10700 Internal Server Error: /accounts/profile/edit/
Traceback (most recent call last):
  File "D:\projects\TalentZik\venv\lib\site-packages\django\core\handlers\exception.py", line 55, in inner
    response = get_response(request)
  File "D:\projects\TalentZik\venv\lib\site-packages\django\core\handlers\base.py", line 220, in _get_response
    response = response.render()
  File "D:\projects\TalentZik\venv\lib\site-packages\django\template\response.py", line 114, in render
    self.content = self.rendered_content
  File "D:\projects\TalentZik\venv\lib\site-packages\django\template\response.py", line 92, in rendered_content
    return template.render(context, self._request)
  File "D:\projects\TalentZik\venv\lib\site-packages\django\template\backends\django.py", line 61, in render
    return self.template.render(context)
  File "D:\projects\TalentZik\venv\lib\site-packages\django\template\base.py", line 175, in render
    return self._render(context)
  File "D:\projects\TalentZik\venv\lib\site-packages\django\template\base.py", line 167, in _render
    return self.nodelist.render(context)
  File "D:\projects\TalentZik\venv\lib\site-packages\django\template\base.py", line 1005, in render
    return SafeString("".join([node.render_annotated(context) for node in self]))
  File "D:\projects\TalentZik\venv\lib\site-packages\django\template\base.py", line 1005, in <listcomp>
    return SafeString("".join([node.render_annotated(context) for node in self]))
  File "D:\projects\TalentZik\venv\lib\site-packages\django\template\base.py", line 966, in render_annotated
    return self.render(context)
  File "D:\projects\TalentZik\venv\lib\site-packages\django\template\loader_tags.py", line 157, in render
    return compiled_parent._render(context)
  File "D:\projects\TalentZik\venv\lib\site-packages\django\template\base.py", line 167, in _render
    return self.nodelist.render(context)
  File "D:\projects\TalentZik\venv\lib\site-packages\django\template\base.py", line 1005, in render
    return SafeString("".join([node.render_annotated(context) for node in self]))
  File "D:\projects\TalentZik\venv\lib\site-packages\django\template\base.py", line 1005, in <listcomp>
    return SafeString("".join([node.render_annotated(context) for node in self]))
  File "D:\projects\TalentZik\venv\lib\site-packages\django\template\base.py", line 966, in render_annotated
    return self.render(context)
  File "D:\projects\TalentZik\venv\lib\site-packages\django\template\loader_tags.py", line 63, in render
    result = block.nodelist.render(context)
  File "D:\projects\TalentZik\venv\lib\site-packages\django\template\base.py", line 1005, in render
    return SafeString("".join([node.render_annotated(context) for node in self]))
  File "D:\projects\TalentZik\venv\lib\site-packages\django\template\base.py", line 1005, in <listcomp>
    return SafeString("".join([node.render_annotated(context) for node in self]))
  File "D:\projects\TalentZik\venv\lib\site-packages\django\template\base.py", line 966, in render_annotated
    return self.render(context)
  File "D:\projects\TalentZik\venv\lib\site-packages\django\template\defaulttags.py", line 321, in render
    return nodelist.render(context)
  File "D:\projects\TalentZik\venv\lib\site-packages\django\template\base.py", line 1005, in render
    return SafeString("".join([node.render_annotated(context) for node in self]))
  File "D:\projects\TalentZik\venv\lib\site-packages\django\template\base.py", line 1005, in <listcomp>
    return SafeString("".join([node.render_annotated(context) for node in self]))
  File "D:\projects\TalentZik\venv\lib\site-packages\django\template\base.py", line 966, in render_annotated
    return self.render(context)
  File "D:\projects\TalentZik\venv\lib\site-packages\django\template\defaulttags.py", line 471, in render
    url = reverse(view_name, args=args, kwargs=kwargs, current_app=current_app)
  File "D:\projects\TalentZik\venv\lib\site-packages\django\urls\base.py", line 88, in reverse
    return resolver._reverse_with_prefix(view, prefix, *args, **kwargs)
  File "D:\projects\TalentZik\venv\lib\site-packages\django\urls\resolvers.py", line 828, in _reverse_with_prefix
    raise NoReverseMatch(msg)
django.urls.exceptions.NoReverseMatch: Reverse for 'portfolio' not found. 'portfolio' is not a valid view function or pattern name.
ERROR 2025-05-31 00:58:16,994 basehttp 14148 10700 "GET /accounts/profile/edit/ HTTP/1.1" 500 203278
ERROR 2025-05-31 00:58:42,669 log 14148 10700 Internal Server Error: /accounts/profile/edit/
Traceback (most recent call last):
  File "D:\projects\TalentZik\venv\lib\site-packages\django\core\handlers\exception.py", line 55, in inner
    response = get_response(request)
  File "D:\projects\TalentZik\venv\lib\site-packages\django\core\handlers\base.py", line 220, in _get_response
    response = response.render()
  File "D:\projects\TalentZik\venv\lib\site-packages\django\template\response.py", line 114, in render
    self.content = self.rendered_content
  File "D:\projects\TalentZik\venv\lib\site-packages\django\template\response.py", line 92, in rendered_content
    return template.render(context, self._request)
  File "D:\projects\TalentZik\venv\lib\site-packages\django\template\backends\django.py", line 61, in render
    return self.template.render(context)
  File "D:\projects\TalentZik\venv\lib\site-packages\django\template\base.py", line 175, in render
    return self._render(context)
  File "D:\projects\TalentZik\venv\lib\site-packages\django\template\base.py", line 167, in _render
    return self.nodelist.render(context)
  File "D:\projects\TalentZik\venv\lib\site-packages\django\template\base.py", line 1005, in render
    return SafeString("".join([node.render_annotated(context) for node in self]))
  File "D:\projects\TalentZik\venv\lib\site-packages\django\template\base.py", line 1005, in <listcomp>
    return SafeString("".join([node.render_annotated(context) for node in self]))
  File "D:\projects\TalentZik\venv\lib\site-packages\django\template\base.py", line 966, in render_annotated
    return self.render(context)
  File "D:\projects\TalentZik\venv\lib\site-packages\django\template\loader_tags.py", line 157, in render
    return compiled_parent._render(context)
  File "D:\projects\TalentZik\venv\lib\site-packages\django\template\base.py", line 167, in _render
    return self.nodelist.render(context)
  File "D:\projects\TalentZik\venv\lib\site-packages\django\template\base.py", line 1005, in render
    return SafeString("".join([node.render_annotated(context) for node in self]))
  File "D:\projects\TalentZik\venv\lib\site-packages\django\template\base.py", line 1005, in <listcomp>
    return SafeString("".join([node.render_annotated(context) for node in self]))
  File "D:\projects\TalentZik\venv\lib\site-packages\django\template\base.py", line 966, in render_annotated
    return self.render(context)
  File "D:\projects\TalentZik\venv\lib\site-packages\django\template\loader_tags.py", line 63, in render
    result = block.nodelist.render(context)
  File "D:\projects\TalentZik\venv\lib\site-packages\django\template\base.py", line 1005, in render
    return SafeString("".join([node.render_annotated(context) for node in self]))
  File "D:\projects\TalentZik\venv\lib\site-packages\django\template\base.py", line 1005, in <listcomp>
    return SafeString("".join([node.render_annotated(context) for node in self]))
  File "D:\projects\TalentZik\venv\lib\site-packages\django\template\base.py", line 966, in render_annotated
    return self.render(context)
  File "D:\projects\TalentZik\venv\lib\site-packages\django\template\defaulttags.py", line 321, in render
    return nodelist.render(context)
  File "D:\projects\TalentZik\venv\lib\site-packages\django\template\base.py", line 1005, in render
    return SafeString("".join([node.render_annotated(context) for node in self]))
  File "D:\projects\TalentZik\venv\lib\site-packages\django\template\base.py", line 1005, in <listcomp>
    return SafeString("".join([node.render_annotated(context) for node in self]))
  File "D:\projects\TalentZik\venv\lib\site-packages\django\template\base.py", line 966, in render_annotated
    return self.render(context)
  File "D:\projects\TalentZik\venv\lib\site-packages\django\template\defaulttags.py", line 471, in render
    url = reverse(view_name, args=args, kwargs=kwargs, current_app=current_app)
  File "D:\projects\TalentZik\venv\lib\site-packages\django\urls\base.py", line 88, in reverse
    return resolver._reverse_with_prefix(view, prefix, *args, **kwargs)
  File "D:\projects\TalentZik\venv\lib\site-packages\django\urls\resolvers.py", line 828, in _reverse_with_prefix
    raise NoReverseMatch(msg)
django.urls.exceptions.NoReverseMatch: Reverse for 'portfolio' not found. 'portfolio' is not a valid view function or pattern name.
ERROR 2025-05-31 00:58:42,678 basehttp 14148 10700 "GET /accounts/profile/edit/ HTTP/1.1" 500 203278
INFO 2025-05-31 00:59:25,163 basehttp 14148 10700 "GET /accounts/profile/ HTTP/1.1" 200 23213
INFO 2025-05-31 00:59:27,804 basehttp 14148 10700 "GET /accounts/password/change/ HTTP/1.1" 200 19850
WARNING 2025-05-31 00:59:27,840 basehttp 14148 10700 "GET /static/css/style.css HTTP/1.1" 404 1899
INFO 2025-05-31 00:59:36,588 basehttp 14148 25532 "GET /accounts/password/change/ HTTP/1.1" 200 19850
WARNING 2025-05-31 00:59:36,623 basehttp 14148 25532 "GET /static/css/style.css HTTP/1.1" 404 1899
ERROR 2025-05-31 00:59:50,108 log 14148 25124 Internal Server Error: /reviews/my-reviews/
Traceback (most recent call last):
  File "D:\projects\TalentZik\venv\lib\site-packages\django\core\handlers\exception.py", line 55, in inner
    response = get_response(request)
  File "D:\projects\TalentZik\venv\lib\site-packages\django\core\handlers\base.py", line 220, in _get_response
    response = response.render()
  File "D:\projects\TalentZik\venv\lib\site-packages\django\template\response.py", line 114, in render
    self.content = self.rendered_content
  File "D:\projects\TalentZik\venv\lib\site-packages\django\template\response.py", line 90, in rendered_content
    template = self.resolve_template(self.template_name)
  File "D:\projects\TalentZik\venv\lib\site-packages\django\template\response.py", line 72, in resolve_template
    return select_template(template, using=self.using)
  File "D:\projects\TalentZik\venv\lib\site-packages\django\template\loader.py", line 42, in select_template
    return engine.get_template(template_name)
  File "D:\projects\TalentZik\venv\lib\site-packages\django\template\backends\django.py", line 33, in get_template
    return Template(self.engine.get_template(template_name), self)
  File "D:\projects\TalentZik\venv\lib\site-packages\django\template\engine.py", line 175, in get_template
    template, origin = self.find_template(template_name)
  File "D:\projects\TalentZik\venv\lib\site-packages\django\template\engine.py", line 157, in find_template
    template = loader.get_template(name, skip=skip)
  File "D:\projects\TalentZik\venv\lib\site-packages\django\template\loaders\cached.py", line 57, in get_template
    template = super().get_template(template_name, skip)
  File "D:\projects\TalentZik\venv\lib\site-packages\django\template\loaders\base.py", line 28, in get_template
    return Template(
  File "D:\projects\TalentZik\venv\lib\site-packages\django\template\base.py", line 154, in __init__
    self.nodelist = self.compile_nodelist()
  File "D:\projects\TalentZik\venv\lib\site-packages\django\template\base.py", line 200, in compile_nodelist
    return parser.parse()
  File "D:\projects\TalentZik\venv\lib\site-packages\django\template\base.py", line 513, in parse
    raise self.error(token, e)
  File "D:\projects\TalentZik\venv\lib\site-packages\django\template\base.py", line 511, in parse
    compiled_result = compile_func(self, token)
  File "D:\projects\TalentZik\venv\lib\site-packages\django\template\loader_tags.py", line 293, in do_extends
    nodelist = parser.parse()
  File "D:\projects\TalentZik\venv\lib\site-packages\django\template\base.py", line 513, in parse
    raise self.error(token, e)
  File "D:\projects\TalentZik\venv\lib\site-packages\django\template\base.py", line 511, in parse
    compiled_result = compile_func(self, token)
  File "D:\projects\TalentZik\venv\lib\site-packages\django\template\loader_tags.py", line 232, in do_block
    nodelist = parser.parse(("endblock",))
  File "D:\projects\TalentZik\venv\lib\site-packages\django\template\base.py", line 513, in parse
    raise self.error(token, e)
  File "D:\projects\TalentZik\venv\lib\site-packages\django\template\base.py", line 511, in parse
    compiled_result = compile_func(self, token)
  File "D:\projects\TalentZik\venv\lib\site-packages\django\template\defaulttags.py", line 953, in do_if
    nodelist = parser.parse(("elif", "else", "endif"))
  File "D:\projects\TalentZik\venv\lib\site-packages\django\template\base.py", line 513, in parse
    raise self.error(token, e)
  File "D:\projects\TalentZik\venv\lib\site-packages\django\template\base.py", line 511, in parse
    compiled_result = compile_func(self, token)
  File "D:\projects\TalentZik\venv\lib\site-packages\django\template\defaulttags.py", line 853, in do_for
    nodelist_loop = parser.parse(
  File "D:\projects\TalentZik\venv\lib\site-packages\django\template\base.py", line 513, in parse
    raise self.error(token, e)
  File "D:\projects\TalentZik\venv\lib\site-packages\django\template\base.py", line 511, in parse
    compiled_result = compile_func(self, token)
  File "D:\projects\TalentZik\venv\lib\site-packages\django\template\defaulttags.py", line 953, in do_if
    nodelist = parser.parse(("elif", "else", "endif"))
  File "D:\projects\TalentZik\venv\lib\site-packages\django\template\base.py", line 484, in parse
    raise self.error(token, e)
  File "D:\projects\TalentZik\venv\lib\site-packages\django\template\base.py", line 482, in parse
    filter_expression = self.compile_filter(token.contents)
  File "D:\projects\TalentZik\venv\lib\site-packages\django\template\base.py", line 600, in compile_filter
    return FilterExpression(token, self)
  File "D:\projects\TalentZik\venv\lib\site-packages\django\template\base.py", line 698, in __init__
    filter_func = parser.find_filter(filter_name)
  File "D:\projects\TalentZik\venv\lib\site-packages\django\template\base.py", line 606, in find_filter
    raise TemplateSyntaxError("Invalid filter: '%s'" % filter_name)
django.template.exceptions.TemplateSyntaxError: Invalid filter: 'div'
ERROR 2025-05-31 00:59:50,120 basehttp 14148 25124 "GET /reviews/my-reviews/ HTTP/1.1" 500 281190
ERROR 2025-05-31 01:00:50,898 log 14148 25124 Internal Server Error: /reviews/my-reviews/
Traceback (most recent call last):
  File "D:\projects\TalentZik\venv\lib\site-packages\django\core\handlers\exception.py", line 55, in inner
    response = get_response(request)
  File "D:\projects\TalentZik\venv\lib\site-packages\django\core\handlers\base.py", line 220, in _get_response
    response = response.render()
  File "D:\projects\TalentZik\venv\lib\site-packages\django\template\response.py", line 114, in render
    self.content = self.rendered_content
  File "D:\projects\TalentZik\venv\lib\site-packages\django\template\response.py", line 90, in rendered_content
    template = self.resolve_template(self.template_name)
  File "D:\projects\TalentZik\venv\lib\site-packages\django\template\response.py", line 72, in resolve_template
    return select_template(template, using=self.using)
  File "D:\projects\TalentZik\venv\lib\site-packages\django\template\loader.py", line 42, in select_template
    return engine.get_template(template_name)
  File "D:\projects\TalentZik\venv\lib\site-packages\django\template\backends\django.py", line 33, in get_template
    return Template(self.engine.get_template(template_name), self)
  File "D:\projects\TalentZik\venv\lib\site-packages\django\template\engine.py", line 175, in get_template
    template, origin = self.find_template(template_name)
  File "D:\projects\TalentZik\venv\lib\site-packages\django\template\engine.py", line 157, in find_template
    template = loader.get_template(name, skip=skip)
  File "D:\projects\TalentZik\venv\lib\site-packages\django\template\loaders\cached.py", line 57, in get_template
    template = super().get_template(template_name, skip)
  File "D:\projects\TalentZik\venv\lib\site-packages\django\template\loaders\base.py", line 28, in get_template
    return Template(
  File "D:\projects\TalentZik\venv\lib\site-packages\django\template\base.py", line 154, in __init__
    self.nodelist = self.compile_nodelist()
  File "D:\projects\TalentZik\venv\lib\site-packages\django\template\base.py", line 200, in compile_nodelist
    return parser.parse()
  File "D:\projects\TalentZik\venv\lib\site-packages\django\template\base.py", line 513, in parse
    raise self.error(token, e)
  File "D:\projects\TalentZik\venv\lib\site-packages\django\template\base.py", line 511, in parse
    compiled_result = compile_func(self, token)
  File "D:\projects\TalentZik\venv\lib\site-packages\django\template\loader_tags.py", line 293, in do_extends
    nodelist = parser.parse()
  File "D:\projects\TalentZik\venv\lib\site-packages\django\template\base.py", line 513, in parse
    raise self.error(token, e)
  File "D:\projects\TalentZik\venv\lib\site-packages\django\template\base.py", line 511, in parse
    compiled_result = compile_func(self, token)
  File "D:\projects\TalentZik\venv\lib\site-packages\django\template\loader_tags.py", line 232, in do_block
    nodelist = parser.parse(("endblock",))
  File "D:\projects\TalentZik\venv\lib\site-packages\django\template\base.py", line 513, in parse
    raise self.error(token, e)
  File "D:\projects\TalentZik\venv\lib\site-packages\django\template\base.py", line 511, in parse
    compiled_result = compile_func(self, token)
  File "D:\projects\TalentZik\venv\lib\site-packages\django\template\defaulttags.py", line 953, in do_if
    nodelist = parser.parse(("elif", "else", "endif"))
  File "D:\projects\TalentZik\venv\lib\site-packages\django\template\base.py", line 513, in parse
    raise self.error(token, e)
  File "D:\projects\TalentZik\venv\lib\site-packages\django\template\base.py", line 511, in parse
    compiled_result = compile_func(self, token)
  File "D:\projects\TalentZik\venv\lib\site-packages\django\template\defaulttags.py", line 853, in do_for
    nodelist_loop = parser.parse(
  File "D:\projects\TalentZik\venv\lib\site-packages\django\template\base.py", line 513, in parse
    raise self.error(token, e)
  File "D:\projects\TalentZik\venv\lib\site-packages\django\template\base.py", line 511, in parse
    compiled_result = compile_func(self, token)
  File "D:\projects\TalentZik\venv\lib\site-packages\django\template\defaulttags.py", line 953, in do_if
    nodelist = parser.parse(("elif", "else", "endif"))
  File "D:\projects\TalentZik\venv\lib\site-packages\django\template\base.py", line 484, in parse
    raise self.error(token, e)
  File "D:\projects\TalentZik\venv\lib\site-packages\django\template\base.py", line 482, in parse
    filter_expression = self.compile_filter(token.contents)
  File "D:\projects\TalentZik\venv\lib\site-packages\django\template\base.py", line 600, in compile_filter
    return FilterExpression(token, self)
  File "D:\projects\TalentZik\venv\lib\site-packages\django\template\base.py", line 698, in __init__
    filter_func = parser.find_filter(filter_name)
  File "D:\projects\TalentZik\venv\lib\site-packages\django\template\base.py", line 606, in find_filter
    raise TemplateSyntaxError("Invalid filter: '%s'" % filter_name)
django.template.exceptions.TemplateSyntaxError: Invalid filter: 'div'
ERROR 2025-05-31 01:00:50,913 basehttp 14148 25124 "GET /reviews/my-reviews/ HTTP/1.1" 500 281190
INFO 2025-05-31 01:01:05,078 basehttp 14148 25124 "GET /media/ HTTP/1.1" 200 27304
INFO 2025-05-31 01:01:05,174 basehttp 14148 18212 "GET /media/media/photos/2025/05/TMAR9769_-_Copy.JPG HTTP/1.1" 304 0
WARNING 2025-05-31 01:01:05,195 basehttp 14148 25124 "GET /static/css/style.css HTTP/1.1" 404 1899
INFO 2025-05-31 01:02:45,113 autoreload 14148 24328 D:\projects\TalentZik\apps\media_files\urls.py changed, reloading.
INFO 2025-05-31 01:02:46,354 autoreload 22016 19496 Watching for file changes with StatReloader
INFO 2025-05-31 01:04:10,644 autoreload 22016 19496 D:\projects\TalentZik\apps\media_files\views.py changed, reloading.
INFO 2025-05-31 01:04:11,918 autoreload 5584 17412 Watching for file changes with StatReloader
INFO 2025-05-31 01:04:19,210 autoreload 5584 17412 D:\projects\TalentZik\apps\media_files\views.py changed, reloading.
INFO 2025-05-31 01:04:20,298 autoreload 24984 24420 Watching for file changes with StatReloader
INFO 2025-05-31 01:04:46,264 autoreload 24916 7768 Watching for file changes with StatReloader
INFO 2025-05-31 01:04:55,065 basehttp 24984 18200 "GET /accounts/profile/ HTTP/1.1" 200 23213
WARNING 2025-05-31 01:04:55,171 basehttp 24984 18200 "GET /static/css/style.css HTTP/1.1" 404 1899
INFO 2025-05-31 01:04:57,121 basehttp 24984 22540 "GET /accounts/profile/edit/ HTTP/1.1" 200 24820
WARNING 2025-05-31 01:04:57,245 basehttp 24984 22540 "GET /static/css/style.css HTTP/1.1" 404 1899
INFO 2025-05-31 01:05:32,950 basehttp 24984 4456 "GET /accounts/profile/edit/ HTTP/1.1" 200 24820
WARNING 2025-05-31 01:05:32,996 basehttp 24984 4456 "GET /static/css/style.css HTTP/1.1" 404 1899
INFO 2025-05-31 01:09:20,935 basehttp 24984 732 "POST /accounts/profile/edit/ HTTP/1.1" 200 24820
WARNING 2025-05-31 01:09:20,986 basehttp 24984 732 "GET /static/css/style.css HTTP/1.1" 404 1899
INFO 2025-05-31 01:10:19,945 autoreload 24984 24420 D:\projects\TalentZik\apps\accounts\forms.py changed, reloading.
INFO 2025-05-31 01:10:21,519 autoreload 5764 7872 Watching for file changes with StatReloader
INFO 2025-05-31 01:10:46,739 autoreload 5764 7872 D:\projects\TalentZik\apps\accounts\views.py changed, reloading.
INFO 2025-05-31 01:10:48,132 autoreload 23836 17452 Watching for file changes with StatReloader
INFO 2025-05-31 01:10:50,438 autoreload 23836 17452 D:\projects\TalentZik\apps\accounts\views.py changed, reloading.
INFO 2025-05-31 01:10:51,729 autoreload 8784 23452 Watching for file changes with StatReloader
INFO 2025-05-31 01:11:01,832 autoreload 8784 23452 D:\projects\TalentZik\apps\accounts\views.py changed, reloading.
INFO 2025-05-31 01:11:03,765 autoreload 1184 7560 Watching for file changes with StatReloader
INFO 2025-05-31 01:11:10,145 autoreload 1184 7560 D:\projects\TalentZik\apps\accounts\views.py changed, reloading.
INFO 2025-05-31 01:11:12,291 autoreload 24856 23468 Watching for file changes with StatReloader
INFO 2025-05-31 01:22:06,572 basehttp 24856 3996 "POST /accounts/profile/edit/ HTTP/1.1" 200 47423
WARNING 2025-05-31 01:22:06,681 basehttp 24856 3996 "GET /static/css/style.css HTTP/1.1" 404 1899
INFO 2025-05-31 01:24:17,057 autoreload 24856 23468 D:\projects\TalentZik\apps\artists\views.py changed, reloading.
INFO 2025-05-31 01:24:18,552 autoreload 23912 18384 Watching for file changes with StatReloader
INFO 2025-05-31 01:24:21,004 autoreload 23912 18384 D:\projects\TalentZik\apps\artists\views.py changed, reloading.
INFO 2025-05-31 01:24:22,197 autoreload 24456 19792 Watching for file changes with StatReloader
INFO 2025-05-31 01:24:32,293 autoreload 24456 19792 D:\projects\TalentZik\apps\artists\views.py changed, reloading.
INFO 2025-05-31 01:24:34,013 autoreload 23416 17316 Watching for file changes with StatReloader
INFO 2025-05-31 01:24:43,118 autoreload 23416 17316 D:\projects\TalentZik\apps\artists\views.py changed, reloading.
INFO 2025-05-31 01:24:44,251 autoreload 8988 19652 Watching for file changes with StatReloader
INFO 2025-05-31 01:24:57,413 autoreload 8988 19652 D:\projects\TalentZik\apps\artists\views.py changed, reloading.
INFO 2025-05-31 01:24:59,174 autoreload 9076 6732 Watching for file changes with StatReloader
INFO 2025-05-31 01:25:07,262 autoreload 9076 6732 D:\projects\TalentZik\apps\artists\views.py changed, reloading.
INFO 2025-05-31 01:25:08,986 autoreload 8412 24208 Watching for file changes with StatReloader
INFO 2025-05-31 01:28:23,113 basehttp 8412 24724 "POST /accounts/profile/edit/ HTTP/1.1" 200 47287
WARNING 2025-05-31 01:28:23,192 basehttp 8412 24724 "GET /static/css/style.css HTTP/1.1" 404 1899
INFO 2025-05-31 01:28:28,136 basehttp 8412 21764 "GET / HTTP/1.1" 200 20708
WARNING 2025-05-31 01:28:28,169 basehttp 8412 21764 "GET /static/css/style.css HTTP/1.1" 404 1899
INFO 2025-05-31 01:28:34,497 basehttp 8412 1792 "GET /accounts/profile/ HTTP/1.1" 200 23213
WARNING 2025-05-31 01:28:34,529 basehttp 8412 1792 "GET /static/css/style.css HTTP/1.1" 404 1899
INFO 2025-05-31 01:28:37,229 basehttp 8412 9448 "GET /accounts/profile/edit/ HTTP/1.1" 200 42435
WARNING 2025-05-31 01:28:37,259 basehttp 8412 9448 "GET /static/css/style.css HTTP/1.1" 404 1899
INFO 2025-05-31 01:30:30,145 basehttp 8412 22628 "POST /accounts/profile/edit/ HTTP/1.1" 302 0
INFO 2025-05-31 01:30:30,163 basehttp 8412 22628 "GET /accounts/profile/ HTTP/1.1" 200 23928
WARNING 2025-05-31 01:30:30,226 basehttp 8412 16288 "GET /static/css/style.css HTTP/1.1" 404 1899
INFO 2025-05-31 01:30:30,372 basehttp 8412 22628 "GET /media/profiles/artists/WhatsApp_Image_2025-03-31_at_16.01.12_f4506dfa.jpg HTTP/1.1" 200 94319
INFO 2025-05-31 01:30:40,052 basehttp 8412 22628 "GET / HTTP/1.1" 200 20590
INFO 2025-05-31 01:30:40,081 basehttp 8412 1552 "GET /media/profiles/artists/WhatsApp_Image_2025-03-31_at_16.01.12_f4506dfa.jpg HTTP/1.1" 304 0
WARNING 2025-05-31 01:30:40,087 basehttp 8412 22628 "GET /static/css/style.css HTTP/1.1" 404 1899
INFO 2025-05-31 01:30:43,093 basehttp 8412 1552 "GET /accounts/logout/ HTTP/1.1" 302 0
INFO 2025-05-31 01:30:43,102 basehttp 8412 1552 "GET / HTTP/1.1" 200 16870
WARNING 2025-05-31 01:30:43,137 basehttp 8412 1552 "GET /static/css/style.css HTTP/1.1" 404 1899
INFO 2025-05-31 01:30:45,979 basehttp 8412 25276 "GET /artists/search/ HTTP/1.1" 200 32898
INFO 2025-05-31 01:30:46,007 basehttp 8412 16548 "GET /media/profiles/artists/WhatsApp_Image_2025-03-31_at_16.01.12_f4506dfa.jpg HTTP/1.1" 304 0
WARNING 2025-05-31 01:30:46,014 basehttp 8412 25276 "GET /static/css/style.css HTTP/1.1" 404 1899
INFO 2025-05-31 01:30:52,167 basehttp 8412 16548 "GET /artists/search/ HTTP/1.1" 200 32898
INFO 2025-05-31 01:30:52,195 basehttp 8412 20884 "GET /media/profiles/artists/WhatsApp_Image_2025-03-31_at_16.01.12_f4506dfa.jpg HTTP/1.1" 304 0
WARNING 2025-05-31 01:30:52,202 basehttp 8412 16548 "GET /static/css/style.css HTTP/1.1" 404 1899
INFO 2025-05-31 01:30:55,290 basehttp 8412 20884 "GET /artists/1/ HTTP/1.1" 200 18811
INFO 2025-05-31 01:30:55,322 basehttp 8412 19740 "GET /media/profiles/artists/WhatsApp_Image_2025-03-31_at_16.01.12_f4506dfa.jpg HTTP/1.1" 304 0
WARNING 2025-05-31 01:30:55,331 basehttp 8412 20884 "GET /static/css/style.css HTTP/1.1" 404 1899
INFO 2025-05-31 01:31:04,009 basehttp 8412 19740 "GET /artists/1/ HTTP/1.1" 200 18811
INFO 2025-05-31 01:31:04,040 basehttp 8412 24600 "GET /media/profiles/artists/WhatsApp_Image_2025-03-31_at_16.01.12_f4506dfa.jpg HTTP/1.1" 304 0
WARNING 2025-05-31 01:31:04,051 basehttp 8412 19740 "GET /static/css/style.css HTTP/1.1" 404 1899
INFO 2025-05-31 01:32:05,087 basehttp 8412 24600 "GET /accounts/login/ HTTP/1.1" 200 12141
WARNING 2025-05-31 01:32:05,157 basehttp 8412 24600 "GET /static/css/style.css HTTP/1.1" 404 1899
INFO 2025-05-31 01:32:20,829 basehttp 8412 11680 "POST /accounts/login/ HTTP/1.1" 302 0
INFO 2025-05-31 01:32:20,839 basehttp 8412 11680 "GET /accounts/profile/ HTTP/1.1" 200 23957
INFO 2025-05-31 01:32:20,870 basehttp 8412 10564 "GET /media/profiles/artists/WhatsApp_Image_2025-03-31_at_16.01.12_f4506dfa.jpg HTTP/1.1" 304 0
WARNING 2025-05-31 01:32:20,876 basehttp 8412 11680 "GET /static/css/style.css HTTP/1.1" 404 1899
INFO 2025-05-31 01:32:25,413 basehttp 8412 10564 "GET /accounts/profile/edit/ HTTP/1.1" 200 42294
WARNING 2025-05-31 01:32:25,447 basehttp 8412 10564 "GET /static/css/style.css HTTP/1.1" 404 1899
INFO 2025-05-31 01:33:49,190 basehttp 8412 1256 "GET /accounts/profile/ HTTP/1.1" 200 23051
INFO 2025-05-31 01:33:53,360 basehttp 8412 1256 "GET /accounts/logout/ HTTP/1.1" 302 0
INFO 2025-05-31 01:33:53,366 basehttp 8412 1256 "GET / HTTP/1.1" 200 16870
WARNING 2025-05-31 01:33:53,404 basehttp 8412 1256 "GET /static/css/style.css HTTP/1.1" 404 1899
INFO 2025-05-31 01:33:56,167 basehttp 8412 15976 "GET /artists/search/ HTTP/1.1" 200 32898
INFO 2025-05-31 01:33:56,226 basehttp 8412 10500 "GET /media/profiles/artists/WhatsApp_Image_2025-03-31_at_16.01.12_f4506dfa.jpg HTTP/1.1" 304 0
WARNING 2025-05-31 01:33:56,233 basehttp 8412 15976 "GET /static/css/style.css HTTP/1.1" 404 1899
INFO 2025-05-31 01:36:09,505 basehttp 8412 10500 "GET /artists/1/ HTTP/1.1" 200 18819
INFO 2025-05-31 01:36:09,553 basehttp 8412 11276 "GET /media/profiles/artists/WhatsApp_Image_2025-03-31_at_16.01.12_f4506dfa.jpg HTTP/1.1" 304 0
WARNING 2025-05-31 01:36:09,567 basehttp 8412 10500 "GET /static/css/style.css HTTP/1.1" 404 1899
INFO 2025-05-31 01:37:59,703 basehttp 8412 11276 "GET /accounts/login/ HTTP/1.1" 200 12141
WARNING 2025-05-31 01:37:59,767 basehttp 8412 11276 "GET /static/css/style.css HTTP/1.1" 404 1899
INFO 2025-05-31 01:38:06,977 basehttp 8412 8148 "POST /accounts/login/ HTTP/1.1" 200 12871
WARNING 2025-05-31 01:38:07,021 basehttp 8412 8148 "GET /static/css/style.css HTTP/1.1" 404 1899
INFO 2025-05-31 01:38:18,523 basehttp 8412 13596 "POST /accounts/login/ HTTP/1.1" 302 0
INFO 2025-05-31 01:38:18,533 basehttp 8412 13596 "GET /accounts/profile/ HTTP/1.1" 200 23957
INFO 2025-05-31 01:38:18,569 basehttp 8412 18232 "GET /media/profiles/artists/WhatsApp_Image_2025-03-31_at_16.01.12_f4506dfa.jpg HTTP/1.1" 304 0
WARNING 2025-05-31 01:38:18,575 basehttp 8412 13596 "GET /static/css/style.css HTTP/1.1" 404 1899
INFO 2025-05-31 01:38:20,450 basehttp 8412 18232 "GET /accounts/profile/edit/ HTTP/1.1" 200 42294
WARNING 2025-05-31 01:38:20,485 basehttp 8412 18232 "GET /static/css/style.css HTTP/1.1" 404 1899
INFO 2025-05-31 01:38:24,782 basehttp 8412 2496 "GET /accounts/profile/ HTTP/1.1" 200 23051
INFO 2025-05-31 01:38:26,985 basehttp 8412 2496 "GET /media/ HTTP/1.1" 200 30674
WARNING 2025-05-31 01:38:27,029 basehttp 8412 2496 "GET /static/css/style.css HTTP/1.1" 404 1899
INFO 2025-05-31 01:38:36,575 basehttp 8412 23412 "GET /media/upload/photo/ HTTP/1.1" 200 25303
WARNING 2025-05-31 01:38:36,611 basehttp 8412 23412 "GET /static/css/style.css HTTP/1.1" 404 1899
ERROR 2025-05-31 01:39:34,807 services 8412 10852 Erreur lors de l'optimisation d'image : [Errno 2] No such file or directory: 'D:\\projects\\TalentZik\\media\\WhatsApp Image 2025-03-31 at 16.01.12_f4506dfa.jpg'
INFO 2025-05-31 01:39:34,839 basehttp 8412 10852 "POST /media/upload/photo/ HTTP/1.1" 302 0
INFO 2025-05-31 01:39:34,867 basehttp 8412 10852 "GET /media/ HTTP/1.1" 200 32156
INFO 2025-05-31 01:39:34,947 basehttp 8412 2496 "GET /media/profiles/artists/WhatsApp_Image_2025-03-31_at_16.01.12_f4506dfa.jpg HTTP/1.1" 304 0
WARNING 2025-05-31 01:39:34,952 basehttp 8412 10852 "GET /static/css/style.css HTTP/1.1" 404 1899
INFO 2025-05-31 01:39:45,631 basehttp 8412 2496 "GET /media/ HTTP/1.1" 200 30674
WARNING 2025-05-31 01:39:45,662 basehttp 8412 2496 "GET /static/css/style.css HTTP/1.1" 404 1899
INFO 2025-05-31 01:40:18,619 basehttp 8412 1964 "GET /media/ HTTP/1.1" 200 30674
WARNING 2025-05-31 01:40:18,674 basehttp 8412 1964 "GET /static/css/style.css HTTP/1.1" 404 1899
INFO 2025-05-31 01:44:03,055 autoreload 14280 19916 Watching for file changes with StatReloader
INFO 2025-05-31 01:44:24,633 basehttp 8412 8144 "GET /media/ HTTP/1.1" 200 30674
INFO 2025-05-31 01:44:24,692 basehttp 8412 316 "GET /media/profiles/artists/WhatsApp_Image_2025-03-31_at_16.01.12_f4506dfa.jpg HTTP/1.1" 304 0
WARNING 2025-05-31 01:44:24,706 basehttp 8412 8144 "GET /static/css/style.css HTTP/1.1" 404 1899
INFO 2025-05-31 01:46:49,684 basehttp 8412 316 "GET / HTTP/1.1" 200 20590
INFO 2025-05-31 01:46:49,727 basehttp 8412 4100 "GET /media/profiles/artists/WhatsApp_Image_2025-03-31_at_16.01.12_f4506dfa.jpg HTTP/1.1" 304 0
WARNING 2025-05-31 01:46:49,741 basehttp 8412 316 "GET /static/css/style.css HTTP/1.1" 404 1899
INFO 2025-05-31 01:46:51,615 basehttp 8412 4100 "GET /artists/search/ HTTP/1.1" 200 40020
WARNING 2025-05-31 01:46:51,718 basehttp 8412 4100 "GET /static/css/style.css HTTP/1.1" 404 1899
INFO 2025-05-31 01:47:07,427 basehttp 8412 25492 "GET /artists/1/ HTTP/1.1" 200 26895
WARNING 2025-05-31 01:47:07,456 basehttp 8412 25492 "GET /static/css/style.css HTTP/1.1" 404 1899
INFO 2025-05-31 01:49:00,839 autoreload 8412 24208 D:\projects\TalentZik\apps\media_files\models.py changed, reloading.
INFO 2025-05-31 01:49:01,953 autoreload 4356 13444 Watching for file changes with StatReloader
INFO 2025-05-31 01:49:06,557 autoreload 4356 13444 D:\projects\TalentZik\apps\media_files\models.py changed, reloading.
INFO 2025-05-31 01:49:07,624 autoreload 9280 14100 Watching for file changes with StatReloader
INFO 2025-05-31 01:49:16,450 autoreload 9280 14100 D:\projects\TalentZik\apps\media_files\models.py changed, reloading.
INFO 2025-05-31 01:49:17,678 autoreload 23468 17300 Watching for file changes with StatReloader
INFO 2025-05-31 01:49:23,217 autoreload 23468 17300 D:\projects\TalentZik\apps\media_files\models.py changed, reloading.
INFO 2025-05-31 01:49:24,476 autoreload 25148 7520 Watching for file changes with StatReloader
INFO 2025-05-31 01:49:35,345 autoreload 25148 7520 D:\projects\TalentZik\apps\media_files\models.py changed, reloading.
INFO 2025-05-31 01:49:37,457 autoreload 22688 5084 Watching for file changes with StatReloader
INFO 2025-05-31 01:49:41,333 autoreload 22688 5084 D:\projects\TalentZik\apps\media_files\models.py changed, reloading.
INFO 2025-05-31 01:49:42,672 autoreload 16540 17108 Watching for file changes with StatReloader
INFO 2025-05-31 01:49:45,110 autoreload 16540 17108 D:\projects\TalentZik\apps\media_files\models.py changed, reloading.
INFO 2025-05-31 01:49:46,417 autoreload 24600 7832 Watching for file changes with StatReloader
INFO 2025-05-31 01:50:02,901 autoreload 24600 7832 D:\projects\TalentZik\apps\media_files\models.py changed, reloading.
INFO 2025-05-31 01:50:04,499 autoreload 12208 22948 Watching for file changes with StatReloader
INFO 2025-05-31 01:50:08,642 autoreload 12208 22948 D:\projects\TalentZik\apps\media_files\models.py changed, reloading.
INFO 2025-05-31 01:50:09,774 autoreload 24164 2376 Watching for file changes with StatReloader
INFO 2025-05-31 01:52:49,942 basehttp 24164 12300 "GET /artists/1/ HTTP/1.1" 200 26895
INFO 2025-05-31 01:52:49,988 basehttp 24164 17852 "GET /media/profiles/artists/WhatsApp_Image_2025-03-31_at_16.01.12_f4506dfa.jpg HTTP/1.1" 304 0
WARNING 2025-05-31 01:52:50,007 basehttp 24164 12300 "GET /static/css/style.css HTTP/1.1" 404 1899
INFO 2025-05-31 01:53:03,456 basehttp 24164 17852 "GET /accounts/profile/ HTTP/1.1" 200 23320
WARNING 2025-05-31 01:53:03,496 basehttp 24164 17852 "GET /static/css/style.css HTTP/1.1" 404 1899
INFO 2025-05-31 01:53:09,445 basehttp 24164 18556 "GET /accounts/profile/edit/ HTTP/1.1" 200 44661
WARNING 2025-05-31 01:53:09,477 basehttp 24164 18556 "GET /static/css/style.css HTTP/1.1" 404 1899
INFO 2025-05-31 01:53:14,411 basehttp 24164 13988 "GET /media/ HTTP/1.1" 200 40635
INFO 2025-05-31 01:53:14,453 basehttp 24164 8916 "GET /media/media/photos/2025/05/TMAR9769_-_Copy.JPG HTTP/1.1" 304 0
WARNING 2025-05-31 01:53:14,459 basehttp 24164 13988 "GET /static/css/style.css HTTP/1.1" 404 1899
INFO 2025-05-31 01:53:14,560 basehttp 24164 17504 "GET /media/media/photos/2025/05/WhatsApp_Image_2025-03-31_at_16.01.12_f4506dfa.jpg HTTP/1.1" 200 94319
INFO 2025-05-31 01:53:41,048 basehttp 24164 17504 "GET / HTTP/1.1" 200 20590
WARNING 2025-05-31 01:53:41,094 basehttp 24164 17504 "GET /static/css/style.css HTTP/1.1" 404 1899
INFO 2025-05-31 01:53:42,682 basehttp 24164 8916 "GET /artists/search/ HTTP/1.1" 200 40020
WARNING 2025-05-31 01:53:42,721 basehttp 24164 8916 "GET /static/css/style.css HTTP/1.1" 404 1899
INFO 2025-05-31 01:53:44,569 basehttp 24164 7460 "GET /artists/search/ HTTP/1.1" 200 40020
WARNING 2025-05-31 01:53:44,599 basehttp 24164 7460 "GET /static/css/style.css HTTP/1.1" 404 1899
INFO 2025-05-31 01:53:46,471 basehttp 24164 21112 "GET /artists/1/ HTTP/1.1" 200 26895
WARNING 2025-05-31 01:53:46,508 basehttp 24164 21112 "GET /static/css/style.css HTTP/1.1" 404 1899
INFO 2025-05-31 01:53:51,952 basehttp 24164 8232 "GET /artists/1/ HTTP/1.1" 200 26895
WARNING 2025-05-31 01:53:51,986 basehttp 24164 8232 "GET /static/css/style.css HTTP/1.1" 404 1899
INFO 2025-05-31 01:54:43,077 basehttp 24164 25492 "GET /artists/1/ HTTP/1.1" 200 26895
WARNING 2025-05-31 01:54:43,154 basehttp 24164 25492 "GET /static/css/style.css HTTP/1.1" 404 1899
INFO 2025-05-31 01:57:04,542 basehttp 24164 1404 "GET /accounts/profile/ HTTP/1.1" 200 23320
INFO 2025-05-31 01:57:04,590 basehttp 24164 11356 "GET /media/profiles/artists/WhatsApp_Image_2025-03-31_at_16.01.12_f4506dfa.jpg HTTP/1.1" 304 0
WARNING 2025-05-31 01:57:04,612 basehttp 24164 1404 "GET /static/css/style.css HTTP/1.1" 404 1899
INFO 2025-05-31 01:57:06,950 basehttp 24164 11356 "GET /media/ HTTP/1.1" 200 40635
INFO 2025-05-31 01:57:06,982 basehttp 24164 7768 "GET /media/media/photos/2025/05/WhatsApp_Image_2025-03-31_at_16.01.12_f4506dfa.jpg HTTP/1.1" 304 0
WARNING 2025-05-31 01:57:06,987 basehttp 24164 11356 "GET /static/css/style.css HTTP/1.1" 404 1899
INFO 2025-05-31 01:57:44,735 basehttp 24164 7768 "GET /media/upload/video/ HTTP/1.1" 200 27654
WARNING 2025-05-31 01:57:44,820 basehttp 24164 7768 "GET /static/css/style.css HTTP/1.1" 404 1899
INFO 2025-05-31 01:58:14,546 basehttp 24164 7520 "POST /media/upload/video/ HTTP/1.1" 200 28920
WARNING 2025-05-31 01:58:14,586 basehttp 24164 7520 "GET /static/css/style.css HTTP/1.1" 404 1899
ERROR 2025-05-31 01:59:33,872 services 24164 25148 Erreur lors de la lecture de la dure vido : ffprobe error (see stderr output for detail)
ERROR 2025-05-31 01:59:43,135 services 24164 25148 Erreur lors de la gnration de miniature : ffmpeg error (see stderr output for detail)
INFO 2025-05-31 01:59:43,242 services 24164 25148 Watermark par dfaut cr : D:\projects\TalentZik\staticfiles\images\watermark.png
ERROR 2025-05-31 01:59:43,473 services 24164 25148 Erreur lors du watermarking vido : ffmpeg error (see stderr output for detail)
INFO 2025-05-31 01:59:43,612 basehttp 24164 25148 "POST /media/upload/video/ HTTP/1.1" 302 0
INFO 2025-05-31 01:59:43,731 basehttp 24164 25148 "GET /media/ HTTP/1.1" 200 43067
INFO 2025-05-31 01:59:43,790 basehttp 24164 7024 "GET /media/profiles/artists/WhatsApp_Image_2025-03-31_at_16.01.12_f4506dfa.jpg HTTP/1.1" 304 0
INFO 2025-05-31 01:59:43,811 basehttp 24164 7024 "GET /media/media/photos/2025/05/WhatsApp_Image_2025-03-31_at_16.01.12_f4506dfa.jpg HTTP/1.1" 304 0
WARNING 2025-05-31 01:59:43,813 basehttp 24164 25148 "GET /static/css/style.css HTTP/1.1" 404 1899
INFO 2025-05-31 01:59:59,708 basehttp 24164 7024 - Broken pipe from ('127.0.0.1', 56977)
WARNING 2025-05-31 02:00:02,923 log 24164 16292 Not Found: /favicon.ico
WARNING 2025-05-31 02:00:03,027 basehttp 24164 16292 "GET /favicon.ico HTTP/1.1" 404 2907
INFO 2025-05-31 02:00:14,763 autoreload 24164 2376 D:\projects\TalentZik\apps\artists\views.py changed, reloading.
INFO 2025-05-31 02:00:16,766 autoreload 6644 21952 Watching for file changes with StatReloader
INFO 2025-05-31 02:00:29,380 autoreload 6644 21952 D:\projects\TalentZik\apps\artists\views.py changed, reloading.
INFO 2025-05-31 02:00:31,148 autoreload 6824 9480 Watching for file changes with StatReloader
INFO 2025-05-31 02:00:33,747 basehttp 6824 7536 "GET /media/media/video/2025/05/L_ouverture_italienne_aux_%C3%A9checs.mp4 HTTP/1.1" 200 54952669
INFO 2025-05-31 02:00:41,384 autoreload 6824 9480 D:\projects\TalentZik\apps\artists\views.py changed, reloading.
INFO 2025-05-31 02:00:44,144 autoreload 21136 23136 Watching for file changes with StatReloader
INFO 2025-05-31 02:00:55,897 autoreload 21136 23136 D:\projects\TalentZik\apps\artists\views.py changed, reloading.
INFO 2025-05-31 02:00:57,465 autoreload 14028 21476 Watching for file changes with StatReloader
INFO 2025-05-31 02:01:00,033 basehttp 14028 22752 "GET / HTTP/1.1" 200 20590
WARNING 2025-05-31 02:01:00,098 basehttp 14028 22752 "GET /static/css/style.css HTTP/1.1" 404 1899
INFO 2025-05-31 02:01:01,688 basehttp 14028 2532 "GET /artists/search/ HTTP/1.1" 200 40020
WARNING 2025-05-31 02:01:01,734 basehttp 14028 2532 "GET /static/css/style.css HTTP/1.1" 404 1899
INFO 2025-05-31 02:01:08,864 autoreload 14028 21476 D:\projects\TalentZik\apps\artists\views.py changed, reloading.
INFO 2025-05-31 02:01:09,978 autoreload 21952 25424 Watching for file changes with StatReloader
INFO 2025-05-31 02:04:25,576 autoreload 25196 24248 Watching for file changes with StatReloader
INFO 2025-05-31 02:04:26,244 basehttp 25196 2996 "GET /artists/search/ HTTP/1.1" 200 40020
INFO 2025-05-31 02:04:26,293 basehttp 25196 21132 "GET /media/profiles/artists/WhatsApp_Image_2025-03-31_at_16.01.12_f4506dfa.jpg HTTP/1.1" 304 0
WARNING 2025-05-31 02:04:26,304 basehttp 25196 2996 "GET /static/css/style.css HTTP/1.1" 404 1899
INFO 2025-05-31 02:04:32,188 basehttp 25196 21132 "GET /artists/1/ HTTP/1.1" 200 32084
INFO 2025-05-31 02:04:32,256 basehttp 25196 13836 "GET /media/media/photos/2025/05/TMAR9769_-_Copy.JPG HTTP/1.1" 304 0
INFO 2025-05-31 02:04:32,273 basehttp 25196 7192 "GET /media/media/photos/2025/05/WhatsApp_Image_2025-03-31_at_16.01.12_f4506dfa.jpg HTTP/1.1" 304 0
WARNING 2025-05-31 02:04:32,278 basehttp 25196 21132 "GET /static/css/style.css HTTP/1.1" 404 1899
INFO 2025-05-31 02:04:48,181 basehttp 25196 7192 - Broken pipe from ('127.0.0.1', 57218)
INFO 2025-05-31 02:05:41,042 basehttp 25196 13836 "GET / HTTP/1.1" 200 20590
WARNING 2025-05-31 02:05:41,099 basehttp 25196 13836 "GET /static/css/style.css HTTP/1.1" 404 1899
INFO 2025-05-31 02:05:51,186 basehttp 25196 5044 "GET /accounts/register/ HTTP/1.1" 200 19453
WARNING 2025-05-31 02:05:51,254 basehttp 25196 5044 "GET /static/css/style.css HTTP/1.1" 404 1899
INFO 2025-05-31 02:05:58,753 basehttp 25196 4724 "GET /accounts/register/organizer/ HTTP/1.1" 200 22448
WARNING 2025-05-31 02:05:58,795 basehttp 25196 4724 "GET /static/css/style.css HTTP/1.1" 404 1899
INFO 2025-05-31 02:06:11,853 basehttp 25196 2768 "GET /accounts/register/ HTTP/1.1" 200 19453
WARNING 2025-05-31 02:06:11,898 basehttp 25196 2768 "GET /static/css/style.css HTTP/1.1" 404 1899
INFO 2025-05-31 02:06:15,921 basehttp 25196 20932 "GET / HTTP/1.1" 200 20590
WARNING 2025-05-31 02:06:15,966 basehttp 25196 20932 "GET /static/css/style.css HTTP/1.1" 404 1899
INFO 2025-05-31 02:06:16,863 basehttp 25196 14600 "GET / HTTP/1.1" 200 20590
WARNING 2025-05-31 02:06:16,895 basehttp 25196 14600 "GET /static/css/style.css HTTP/1.1" 404 1899
INFO 2025-05-31 02:06:17,937 basehttp 25196 3260 "GET /artists/ HTTP/1.1" 200 21493
WARNING 2025-05-31 02:06:17,979 basehttp 25196 3260 "GET /static/css/style.css HTTP/1.1" 404 1899
INFO 2025-05-31 02:06:20,718 basehttp 25196 4120 "GET /artists/ HTTP/1.1" 200 21493
WARNING 2025-05-31 02:06:20,752 basehttp 25196 4120 "GET /static/css/style.css HTTP/1.1" 404 1899
INFO 2025-05-31 02:06:23,505 basehttp 25196 22924 "GET /artists/ HTTP/1.1" 200 21493
WARNING 2025-05-31 02:06:23,536 basehttp 25196 22924 "GET /static/css/style.css HTTP/1.1" 404 1899
INFO 2025-05-31 02:06:28,353 basehttp 25196 22496 "GET /artists/search/ HTTP/1.1" 200 40020
WARNING 2025-05-31 02:06:28,395 basehttp 25196 22496 "GET /static/css/style.css HTTP/1.1" 404 1899
INFO 2025-05-31 02:06:31,934 basehttp 25196 23020 "GET /artists/ HTTP/1.1" 200 21493
WARNING 2025-05-31 02:06:31,976 basehttp 25196 23020 "GET /static/css/style.css HTTP/1.1" 404 1899
INFO 2025-05-31 02:06:38,418 basehttp 25196 3864 "GET /artists/search/ HTTP/1.1" 200 40020
WARNING 2025-05-31 02:06:38,458 basehttp 25196 3864 "GET /static/css/style.css HTTP/1.1" 404 1899
INFO 2025-05-31 02:07:21,899 basehttp 25196 21452 "GET /artists/ HTTP/1.1" 200 21493
WARNING 2025-05-31 02:07:21,982 basehttp 25196 21452 "GET /static/css/style.css HTTP/1.1" 404 1899
INFO 2025-05-31 02:10:36,985 basehttp 25196 25284 "GET / HTTP/1.1" 200 20590
INFO 2025-05-31 02:10:37,046 basehttp 25196 24208 "GET /media/profiles/artists/WhatsApp_Image_2025-03-31_at_16.01.12_f4506dfa.jpg HTTP/1.1" 304 0
WARNING 2025-05-31 02:10:37,059 basehttp 25196 25284 "GET /static/css/style.css HTTP/1.1" 404 1899
INFO 2025-05-31 02:10:40,291 basehttp 25196 24208 "GET /accounts/logout/ HTTP/1.1" 302 0
INFO 2025-05-31 02:10:40,315 basehttp 25196 24208 "GET /accounts/logout/ HTTP/1.1" 302 0
INFO 2025-05-31 02:10:40,324 basehttp 25196 24208 "GET / HTTP/1.1" 200 16870
WARNING 2025-05-31 02:10:40,369 basehttp 25196 24208 "GET /static/css/style.css HTTP/1.1" 404 1899
INFO 2025-05-31 02:10:45,697 basehttp 25196 19892 "GET /artists/search/ HTTP/1.1" 200 35436
WARNING 2025-05-31 02:10:45,740 basehttp 25196 19892 "GET /static/css/style.css HTTP/1.1" 404 1899
INFO 2025-05-31 02:13:39,608 autoreload 25196 24248 D:\projects\TalentZik\apps\artists\views.py changed, reloading.
INFO 2025-05-31 02:13:41,359 autoreload 7652 2192 Watching for file changes with StatReloader
INFO 2025-05-31 02:14:26,688 autoreload 7652 2192 D:\projects\TalentZik\config\urls.py changed, reloading.
INFO 2025-05-31 02:14:28,174 autoreload 22148 13396 Watching for file changes with StatReloader
INFO 2025-05-31 02:14:31,683 autoreload 22148 13396 D:\projects\TalentZik\config\urls.py changed, reloading.
INFO 2025-05-31 02:14:32,687 autoreload 24820 11712 Watching for file changes with StatReloader
INFO 2025-05-31 02:16:03,969 autoreload 24820 11712 D:\projects\TalentZik\apps\artists\forms.py changed, reloading.
INFO 2025-05-31 02:16:05,514 autoreload 5676 23636 Watching for file changes with StatReloader
INFO 2025-05-31 02:16:07,898 autoreload 5676 23636 D:\projects\TalentZik\apps\artists\forms.py changed, reloading.
INFO 2025-05-31 02:16:09,077 autoreload 23816 23000 Watching for file changes with StatReloader
INFO 2025-05-31 02:17:29,117 basehttp 23816 25524 "GET /artists/search/ HTTP/1.1" 200 128704
INFO 2025-05-31 02:17:29,198 basehttp 23816 19736 "GET /media/profiles/artists/WhatsApp_Image_2025-03-31_at_16.01.12_f4506dfa.jpg HTTP/1.1" 304 0
WARNING 2025-05-31 02:17:29,217 basehttp 23816 25524 "GET /static/css/style.css HTTP/1.1" 404 1899
INFO 2025-05-31 02:18:13,048 basehttp 23816 19736 "GET / HTTP/1.1" 200 16027
WARNING 2025-05-31 02:18:13,114 basehttp 23816 19736 "GET /static/css/style.css HTTP/1.1" 404 1899
INFO 2025-05-31 02:18:15,314 basehttp 23816 24932 "GET /artists/search/ HTTP/1.1" 200 128704
WARNING 2025-05-31 02:18:15,350 basehttp 23816 24932 "GET /static/css/style.css HTTP/1.1" 404 1899
INFO 2025-05-31 02:18:18,091 basehttp 23816 11548 "GET /about/ HTTP/1.1" 200 22475
WARNING 2025-05-31 02:18:18,147 basehttp 23816 11548 "GET /static/css/style.css HTTP/1.1" 404 1899
INFO 2025-05-31 02:20:26,485 basehttp 23816 12152 "GET /artists/search/ HTTP/1.1" 200 128704
WARNING 2025-05-31 02:20:26,540 basehttp 23816 12152 "GET /static/css/style.css HTTP/1.1" 404 1899
INFO 2025-05-31 02:22:04,377 basehttp 23816 24204 "GET /artists/1/ HTTP/1.1" 200 27521
INFO 2025-05-31 02:22:04,440 basehttp 23816 4336 "GET /media/media/photos/2025/05/TMAR9769_-_Copy.JPG HTTP/1.1" 304 0
INFO 2025-05-31 02:22:04,454 basehttp 23816 2768 "GET /media/media/photos/2025/05/WhatsApp_Image_2025-03-31_at_16.01.12_f4506dfa.jpg HTTP/1.1" 304 0
WARNING 2025-05-31 02:22:04,459 basehttp 23816 24204 "GET /static/css/style.css HTTP/1.1" 404 1899
INFO 2025-05-31 02:22:15,152 basehttp 23816 4336 "GET /about/ HTTP/1.1" 200 22475
WARNING 2025-05-31 02:22:15,198 basehttp 23816 4336 "GET /static/css/style.css HTTP/1.1" 404 1899
INFO 2025-05-31 02:22:46,512 basehttp 23816 2768 - Broken pipe from ('127.0.0.1', 57884)
INFO 2025-05-31 02:24:05,058 basehttp 23816 18392 "GET /about/ HTTP/1.1" 200 22470
WARNING 2025-05-31 02:24:05,117 basehttp 23816 18392 "GET /static/css/style.css HTTP/1.1" 404 1899
WARNING 2025-05-31 02:25:01,301 basehttp 23816 12432 "GET /static/css/style.css HTTP/1.1" 404 1899
WARNING 2025-05-31 02:25:01,352 log 23816 23212 Not Found: /.well-known/appspecific/com.chrome.devtools.json
WARNING 2025-05-31 02:25:01,352 basehttp 23816 23212 "GET /.well-known/appspecific/com.chrome.devtools.json HTTP/1.1" 404 3138
INFO 2025-05-31 02:26:23,440 basehttp 23816 23212 "GET /about/ HTTP/1.1" 200 22460
WARNING 2025-05-31 02:26:23,507 basehttp 23816 23212 "GET /static/css/style.css HTTP/1.1" 404 1899
INFO 2025-05-31 02:28:12,742 basehttp 23816 9876 "GET /about/ HTTP/1.1" 200 22471
WARNING 2025-05-31 02:28:12,804 basehttp 23816 9876 "GET /static/css/style.css HTTP/1.1" 404 1899
INFO 2025-05-31 02:28:30,911 basehttp 23816 21628 "GET /about/ HTTP/1.1" 200 22458
WARNING 2025-05-31 02:28:30,955 basehttp 23816 21628 "GET /static/css/style.css HTTP/1.1" 404 1899
INFO 2025-05-31 02:28:59,241 basehttp 23816 13856 "GET /about/ HTTP/1.1" 200 21941
WARNING 2025-05-31 02:28:59,289 basehttp 23816 13856 "GET /static/css/style.css HTTP/1.1" 404 1899
INFO 2025-05-31 02:29:40,426 basehttp 23816 772 "GET /about/ HTTP/1.1" 200 22458
WARNING 2025-05-31 02:29:40,485 basehttp 23816 772 "GET /static/css/style.css HTTP/1.1" 404 1899
INFO 2025-05-31 02:31:42,819 basehttp 23816 6428 "GET / HTTP/1.1" 200 16027
WARNING 2025-05-31 02:31:42,913 basehttp 23816 6428 "GET /static/css/style.css HTTP/1.1" 404 1899
INFO 2025-05-31 02:31:55,032 basehttp 23816 11316 "GET /about/ HTTP/1.1" 200 22458
WARNING 2025-05-31 02:31:55,072 basehttp 23816 11316 "GET /static/css/style.css HTTP/1.1" 404 1899
INFO 2025-05-31 02:33:34,432 basehttp 23816 15976 "GET /about/ HTTP/1.1" 200 22228
WARNING 2025-05-31 02:33:34,497 basehttp 23816 15976 "GET /static/css/style.css HTTP/1.1" 404 1899
INFO 2025-05-31 02:33:44,523 basehttp 23816 3464 "GET / HTTP/1.1" 200 16027
WARNING 2025-05-31 02:33:44,572 basehttp 23816 3464 "GET /static/css/style.css HTTP/1.1" 404 1899
INFO 2025-05-31 02:34:00,482 basehttp 23816 11096 "GET /about/ HTTP/1.1" 200 22228
WARNING 2025-05-31 02:34:00,541 basehttp 23816 11096 "GET /static/css/style.css HTTP/1.1" 404 1899
INFO 2025-05-31 02:34:40,142 basehttp 23816 24252 "GET / HTTP/1.1" 200 16027
WARNING 2025-05-31 02:34:40,201 basehttp 23816 24252 "GET /static/css/style.css HTTP/1.1" 404 1899
INFO 2025-05-31 02:35:25,396 basehttp 23816 16576 "GET / HTTP/1.1" 200 16027
WARNING 2025-05-31 02:35:25,471 basehttp 23816 16576 "GET /static/css/style.css HTTP/1.1" 404 1899
INFO 2025-05-31 02:36:54,417 basehttp 23816 24380 "GET /about/ HTTP/1.1" 200 22277
WARNING 2025-05-31 02:36:54,486 basehttp 23816 24380 "GET /static/css/style.css HTTP/1.1" 404 1899
INFO 2025-05-31 02:38:00,645 basehttp 23816 5648 "GET /about/ HTTP/1.1" 200 22277
WARNING 2025-05-31 02:38:00,697 basehttp 23816 5648 "GET /static/css/style.css HTTP/1.1" 404 1899
INFO 2025-05-31 02:40:21,242 basehttp 23816 23248 "GET /about/ HTTP/1.1" 200 22277
WARNING 2025-05-31 02:40:21,276 basehttp 23816 23248 "GET /static/css/style.css HTTP/1.1" 404 1899
INFO 2025-05-31 02:41:11,540 basehttp 23816 25116 "GET / HTTP/1.1" 200 16027
WARNING 2025-05-31 02:41:11,597 basehttp 23816 25116 "GET /static/css/style.css HTTP/1.1" 404 1899
INFO 2025-05-31 02:41:24,313 basehttp 23816 24124 "GET /artists/search/ HTTP/1.1" 200 193254
INFO 2025-05-31 02:41:24,349 basehttp 23816 1120 "GET /media/profiles/artists/WhatsApp_Image_2025-03-31_at_16.01.12_f4506dfa.jpg HTTP/1.1" 304 0
WARNING 2025-05-31 02:41:24,357 basehttp 23816 24124 "GET /static/css/style.css HTTP/1.1" 404 1899
INFO 2025-05-31 02:42:08,442 basehttp 23816 1120 "GET /artists/1/whatsapp/ HTTP/1.1" 302 0
INFO 2025-05-31 02:42:18,429 basehttp 23816 1120 "GET /artists/1/ HTTP/1.1" 200 27521
INFO 2025-05-31 02:42:18,468 basehttp 23816 12728 "GET /media/media/photos/2025/05/TMAR9769_-_Copy.JPG HTTP/1.1" 304 0
INFO 2025-05-31 02:42:18,480 basehttp 23816 12728 "GET /media/media/photos/2025/05/WhatsApp_Image_2025-03-31_at_16.01.12_f4506dfa.jpg HTTP/1.1" 304 0
WARNING 2025-05-31 02:42:18,484 basehttp 23816 1120 "GET /static/css/style.css HTTP/1.1" 404 1899
INFO 2025-05-31 02:42:33,914 basehttp 23816 12728 - Broken pipe from ('127.0.0.1', 59190)
INFO 2025-05-31 02:42:57,979 basehttp 23816 19756 "GET / HTTP/1.1" 200 16027
WARNING 2025-05-31 02:42:58,038 basehttp 23816 19756 "GET /static/css/style.css HTTP/1.1" 404 1899
INFO 2025-05-31 02:47:20,180 autoreload 23816 23000 D:\projects\TalentZik\apps\reviews\views.py changed, reloading.
INFO 2025-05-31 02:47:21,789 autoreload 24100 22208 Watching for file changes with StatReloader
INFO 2025-05-31 02:47:24,498 autoreload 24100 22208 D:\projects\TalentZik\apps\reviews\views.py changed, reloading.
INFO 2025-05-31 02:47:25,638 autoreload 20284 23836 Watching for file changes with StatReloader
INFO 2025-05-31 02:47:44,728 autoreload 20284 23836 D:\projects\TalentZik\apps\reviews\urls.py changed, reloading.
INFO 2025-05-31 02:47:46,249 autoreload 9816 9904 Watching for file changes with StatReloader
INFO 2025-05-31 02:47:47,948 basehttp 9816 19520 "GET /about/ HTTP/1.1" 200 22277
WARNING 2025-05-31 02:47:48,066 basehttp 9816 19520 "GET /static/css/style.css HTTP/1.1" 404 1899
INFO 2025-05-31 02:48:23,972 basehttp 9816 24788 "GET /about/ HTTP/1.1" 200 22284
WARNING 2025-05-31 02:48:24,056 basehttp 9816 24788 "GET /static/css/style.css HTTP/1.1" 404 1899
INFO 2025-05-31 02:48:51,996 basehttp 9816 22544 "GET /about/ HTTP/1.1" 200 22275
WARNING 2025-05-31 02:48:52,054 basehttp 9816 22544 "GET /static/css/style.css HTTP/1.1" 404 1899
INFO 2025-05-31 02:49:35,079 basehttp 9816 23744 "GET / HTTP/1.1" 200 16027
WARNING 2025-05-31 02:49:35,231 basehttp 9816 23744 "GET /static/css/style.css HTTP/1.1" 404 1899
INFO 2025-05-31 02:54:38,508 basehttp 9816 11856 "GET /accounts/login/ HTTP/1.1" 200 12162
WARNING 2025-05-31 02:54:38,579 basehttp 9816 11856 "GET /static/css/style.css HTTP/1.1" 404 1899
INFO 2025-05-31 02:54:55,055 basehttp 9816 22112 "POST /accounts/login/ HTTP/1.1" 302 0
INFO 2025-05-31 02:54:55,096 basehttp 9816 22112 "GET /accounts/profile/ HTTP/1.1" 200 24247
INFO 2025-05-31 02:54:55,152 basehttp 9816 20160 "GET /media/profiles/artists/WhatsApp_Image_2025-03-31_at_16.01.12_f4506dfa.jpg HTTP/1.1" 304 0
WARNING 2025-05-31 02:54:55,160 basehttp 9816 22112 "GET /static/css/style.css HTTP/1.1" 404 1899
INFO 2025-05-31 02:55:01,394 basehttp 9816 20160 "GET /reviews/my-reviews/ HTTP/1.1" 200 20242
WARNING 2025-05-31 02:55:01,470 basehttp 9816 20160 "GET /static/css/style.css HTTP/1.1" 404 1899
INFO 2025-05-31 02:55:41,004 basehttp 9816 20696 "GET /accounts/profile/ HTTP/1.1" 200 23341
WARNING 2025-05-31 02:55:41,089 basehttp 9816 20696 "GET /static/css/style.css HTTP/1.1" 404 1899
INFO 2025-05-31 02:55:48,580 autoreload 9816 9904 D:\projects\TalentZik\apps\artists\views.py changed, reloading.
INFO 2025-05-31 02:55:50,401 autoreload 7676 25472 Watching for file changes with StatReloader
INFO 2025-05-31 02:55:53,131 autoreload 7676 25472 D:\projects\TalentZik\apps\artists\views.py changed, reloading.
INFO 2025-05-31 02:55:54,653 autoreload 12992 14136 Watching for file changes with StatReloader
INFO 2025-05-31 02:55:55,322 basehttp 12992 25300 "GET /accounts/profile/edit/ HTTP/1.1" 200 44682
WARNING 2025-05-31 02:55:55,383 basehttp 12992 25300 "GET /static/css/style.css HTTP/1.1" 404 1899
INFO 2025-05-31 02:56:12,107 autoreload 12992 14136 D:\projects\TalentZik\apps\artists\views.py changed, reloading.
INFO 2025-05-31 02:56:13,797 autoreload 21448 24540 Watching for file changes with StatReloader
INFO 2025-05-31 02:56:19,763 autoreload 21448 24540 D:\projects\TalentZik\apps\artists\views.py changed, reloading.
INFO 2025-05-31 02:56:20,890 autoreload 11988 25552 Watching for file changes with StatReloader
INFO 2025-05-31 02:56:46,590 basehttp 11988 7808 "POST /accounts/profile/edit/ HTTP/1.1" 302 0
INFO 2025-05-31 02:56:46,663 basehttp 11988 7808 "GET /accounts/profile/ HTTP/1.1" 200 23972
WARNING 2025-05-31 02:56:46,765 basehttp 11988 7808 "GET /static/css/style.css HTTP/1.1" 404 1899
INFO 2025-05-31 02:57:20,332 basehttp 11988 7676 "GET /accounts/logout/ HTTP/1.1" 302 0
INFO 2025-05-31 02:57:20,342 basehttp 11988 7676 "GET / HTTP/1.1" 200 16891
WARNING 2025-05-31 02:57:20,412 basehttp 11988 7676 "GET /static/css/style.css HTTP/1.1" 404 1899
INFO 2025-05-31 02:57:22,753 basehttp 11988 25184 "GET /accounts/register/ HTTP/1.1" 200 14890
WARNING 2025-05-31 02:57:22,823 basehttp 11988 25184 "GET /static/css/style.css HTTP/1.1" 404 1899
INFO 2025-05-31 02:57:24,352 basehttp 11988 20660 "GET /accounts/register/organizer/ HTTP/1.1" 200 17885
WARNING 2025-05-31 02:57:24,409 basehttp 11988 20660 "GET /static/css/style.css HTTP/1.1" 404 1899
INFO 2025-05-31 02:57:58,073 autoreload 11988 25552 D:\projects\TalentZik\apps\artists\views.py changed, reloading.
INFO 2025-05-31 02:58:00,258 autoreload 9984 8764 Watching for file changes with StatReloader
INFO 2025-05-31 02:58:07,270 autoreload 9984 8764 D:\projects\TalentZik\apps\artists\views.py changed, reloading.
INFO 2025-05-31 02:58:08,720 autoreload 13192 23836 Watching for file changes with StatReloader
INFO 2025-05-31 02:58:11,989 basehttp 13192 21448 "POST /accounts/register/organizer/ HTTP/1.1" 200 17980
WARNING 2025-05-31 02:58:12,054 basehttp 13192 21448 "GET /static/css/style.css HTTP/1.1" 404 1899
INFO 2025-05-31 02:58:19,477 autoreload 13192 23836 D:\projects\TalentZik\apps\artists\urls.py changed, reloading.
INFO 2025-05-31 02:58:21,144 autoreload 284 18680 Watching for file changes with StatReloader
INFO 2025-05-31 02:58:26,027 autoreload 284 18680 D:\projects\TalentZik\apps\artists\urls.py changed, reloading.
INFO 2025-05-31 02:58:27,218 autoreload 8884 11288 Watching for file changes with StatReloader
INFO 2025-05-31 03:00:01,669 basehttp 8884 2184 "POST /accounts/register/organizer/ HTTP/1.1" 200 17980
WARNING 2025-05-31 03:00:01,738 basehttp 8884 2184 "GET /static/css/style.css HTTP/1.1" 404 1899
INFO 2025-05-31 03:07:41,549 autoreload 8884 11288 D:\projects\TalentZik\apps\accounts\views.py changed, reloading.
INFO 2025-05-31 03:07:42,856 autoreload 20316 21832 Watching for file changes with StatReloader
INFO 2025-05-31 03:11:24,319 autoreload 19936 24708 Watching for file changes with StatReloader
INFO 2025-05-31 03:12:41,550 autoreload 20316 21832 D:\projects\TalentZik\apps\accounts\views.py changed, reloading.
INFO 2025-05-31 03:12:43,113 autoreload 23604 24232 Watching for file changes with StatReloader
INFO 2025-05-31 03:12:49,045 autoreload 23604 24232 D:\projects\TalentZik\apps\accounts\views.py changed, reloading.
INFO 2025-05-31 03:12:50,156 autoreload 22588 9244 Watching for file changes with StatReloader
INFO 2025-05-31 03:13:33,149 autoreload 22588 9244 D:\projects\TalentZik\apps\accounts\views.py changed, reloading.
INFO 2025-05-31 03:13:35,326 autoreload 20468 24176 Watching for file changes with StatReloader
INFO 2025-05-31 03:13:38,645 autoreload 20468 24176 D:\projects\TalentZik\apps\accounts\views.py changed, reloading.
INFO 2025-05-31 03:13:39,827 autoreload 23408 5200 Watching for file changes with StatReloader
INFO 2025-05-31 03:13:51,948 autoreload 23408 5200 D:\projects\TalentZik\apps\accounts\urls.py changed, reloading.
INFO 2025-05-31 03:13:53,819 autoreload 24856 22416 Watching for file changes with StatReloader
INFO 2025-05-31 03:14:01,282 autoreload 24856 22416 D:\projects\TalentZik\apps\accounts\urls.py changed, reloading.
INFO 2025-05-31 03:14:02,891 autoreload 25012 20468 Watching for file changes with StatReloader
INFO 2025-05-31 03:15:17,676 autoreload 8856 10776 Watching for file changes with StatReloader
INFO 2025-05-31 03:16:07,253 basehttp 25012 19544 "POST /accounts/register/organizer/ HTTP/1.1" 200 26294
WARNING 2025-05-31 03:16:07,304 basehttp 25012 19544 "GET /static/css/style.css HTTP/1.1" 404 1899
INFO 2025-05-31 03:17:04,485 basehttp 25012 5968 "POST /accounts/register/organizer/ HTTP/1.1" 302 0
INFO 2025-05-31 03:17:04,509 basehttp 25012 5968 "GET /accounts/profile/ HTTP/1.1" 200 21190
WARNING 2025-05-31 03:17:04,564 basehttp 25012 5968 "GET /static/css/style.css HTTP/1.1" 404 1899
INFO 2025-05-31 03:17:16,457 basehttp 25012 6136 "GET /reviews/my-reviews/ HTTP/1.1" 200 19821
WARNING 2025-05-31 03:17:16,511 basehttp 25012 6136 "GET /static/css/style.css HTTP/1.1" 404 1899
INFO 2025-05-31 03:17:23,257 basehttp 25012 16604 "GET /artists/search/ HTTP/1.1" 200 197046
INFO 2025-05-31 03:17:23,291 basehttp 25012 20868 "GET /media/profiles/artists/WhatsApp_Image_2025-03-31_at_16.01.12_f4506dfa.jpg HTTP/1.1" 304 0
WARNING 2025-05-31 03:17:23,301 basehttp 25012 16604 "GET /static/css/style.css HTTP/1.1" 404 1899
INFO 2025-05-31 03:17:27,001 basehttp 25012 20868 "GET /artists/1/ HTTP/1.1" 200 34947
INFO 2025-05-31 03:17:27,040 basehttp 25012 9020 "GET /media/media/photos/2025/05/TMAR9769_-_Copy.JPG HTTP/1.1" 304 0
INFO 2025-05-31 03:17:27,041 basehttp 25012 19544 "GET /media/media/photos/2025/05/WhatsApp_Image_2025-03-31_at_16.01.12_f4506dfa.jpg HTTP/1.1" 304 0
WARNING 2025-05-31 03:17:27,049 basehttp 25012 20868 "GET /static/css/style.css HTTP/1.1" 404 1899
INFO 2025-05-31 03:17:40,037 basehttp 25012 9020 "GET /reviews/leave/1/ HTTP/1.1" 200 24590
WARNING 2025-05-31 03:17:40,084 basehttp 25012 9020 "GET /static/css/style.css HTTP/1.1" 404 1899
INFO 2025-05-31 03:17:53,930 basehttp 25012 21272 "GET /artists/1/ HTTP/1.1" 200 34947
WARNING 2025-05-31 03:17:53,986 basehttp 25012 21272 "GET /static/css/style.css HTTP/1.1" 404 1899
INFO 2025-05-31 03:18:01,014 basehttp 25012 20972 "GET / HTTP/1.1" 200 19905
WARNING 2025-05-31 03:18:01,058 basehttp 25012 20972 "GET /static/css/style.css HTTP/1.1" 404 1899
INFO 2025-05-31 03:18:09,965 basehttp 25012 1740 "GET /accounts/profile/ HTTP/1.1" 200 20222
WARNING 2025-05-31 03:18:10,016 basehttp 25012 1740 "GET /static/css/style.css HTTP/1.1" 404 1899
INFO 2025-05-31 03:18:17,277 basehttp 25012 12624 "GET /accounts/profile/edit/ HTTP/1.1" 200 21101
WARNING 2025-05-31 03:18:17,321 basehttp 25012 12624 "GET /static/css/style.css HTTP/1.1" 404 1899
INFO 2025-05-31 03:18:20,316 basehttp 25012 19808 "GET /accounts/profile/ HTTP/1.1" 200 20222
WARNING 2025-05-31 03:18:20,367 basehttp 25012 19808 "GET /static/css/style.css HTTP/1.1" 404 1899
INFO 2025-05-31 03:18:40,238 basehttp 25012 19544 - Broken pipe from ('127.0.0.1', 60764)
INFO 2025-05-31 03:19:01,209 basehttp 25012 21360 - Broken pipe from ('127.0.0.1', 60776)
INFO 2025-05-31 03:19:25,846 basehttp 25012 23252 "GET / HTTP/1.1" 200 19905
WARNING 2025-05-31 03:19:25,928 basehttp 25012 23252 "GET /static/css/style.css HTTP/1.1" 404 1899
INFO 2025-05-31 03:19:36,013 basehttp 25012 24640 "GET /artists/search/ HTTP/1.1" 200 197046
WARNING 2025-05-31 03:19:36,092 basehttp 25012 24640 "GET /static/css/style.css HTTP/1.1" 404 1899
INFO 2025-05-31 03:20:33,259 autoreload 25012 20468 D:\projects\TalentZik\apps\accounts\views.py changed, reloading.
INFO 2025-05-31 03:20:34,727 autoreload 7968 12432 Watching for file changes with StatReloader
INFO 2025-05-31 03:20:37,027 autoreload 7968 12432 D:\projects\TalentZik\apps\accounts\views.py changed, reloading.
INFO 2025-05-31 03:20:38,185 autoreload 23712 21128 Watching for file changes with StatReloader
INFO 2025-05-31 03:20:54,375 autoreload 23712 21128 D:\projects\TalentZik\apps\accounts\urls.py changed, reloading.
INFO 2025-05-31 03:20:55,906 autoreload 1352 10664 Watching for file changes with StatReloader
INFO 2025-05-31 03:20:59,652 autoreload 1352 10664 D:\projects\TalentZik\apps\accounts\urls.py changed, reloading.
INFO 2025-05-31 03:21:00,804 autoreload 24260 23436 Watching for file changes with StatReloader
INFO 2025-05-31 03:21:10,979 basehttp 24260 22692 "GET /artists/1/ HTTP/1.1" 200 34947
WARNING 2025-05-31 03:21:11,114 basehttp 24260 22692 "GET /static/css/style.css HTTP/1.1" 404 1899
INFO 2025-05-31 03:21:12,844 basehttp 24260 23260 "GET /artists/1/whatsapp/ HTTP/1.1" 200 34882
WARNING 2025-05-31 03:21:12,941 basehttp 24260 23260 "GET /static/css/style.css HTTP/1.1" 404 1899
INFO 2025-05-31 03:21:31,432 basehttp 24260 5924 - Broken pipe from ('127.0.0.1', 60938)
INFO 2025-05-31 03:21:33,299 basehttp 24260 24108 "GET /artists/1/whatsapp/?direct=true HTTP/1.1" 302 0
ERROR 2025-05-31 03:21:51,557 log 24260 24108 Internal Server Error: /artists/1/contact/
Traceback (most recent call last):
  File "D:\projects\TalentZik\venv\lib\site-packages\django\core\handlers\exception.py", line 55, in inner
    response = get_response(request)
  File "D:\projects\TalentZik\venv\lib\site-packages\django\core\handlers\base.py", line 220, in _get_response
    response = response.render()
  File "D:\projects\TalentZik\venv\lib\site-packages\django\template\response.py", line 114, in render
    self.content = self.rendered_content
  File "D:\projects\TalentZik\venv\lib\site-packages\django\template\response.py", line 90, in rendered_content
    template = self.resolve_template(self.template_name)
  File "D:\projects\TalentZik\venv\lib\site-packages\django\template\response.py", line 72, in resolve_template
    return select_template(template, using=self.using)
  File "D:\projects\TalentZik\venv\lib\site-packages\django\template\loader.py", line 47, in select_template
    raise TemplateDoesNotExist(", ".join(template_name_list), chain=chain)
django.template.exceptions.TemplateDoesNotExist: artists/contact.html
ERROR 2025-05-31 03:21:51,562 basehttp 24260 24108 "GET /artists/1/contact/ HTTP/1.1" 500 93278
INFO 2025-05-31 03:21:55,612 basehttp 24260 24108 "GET /artists/1/whatsapp/ HTTP/1.1" 200 34882
WARNING 2025-05-31 03:21:55,676 basehttp 24260 24108 "GET /static/css/style.css HTTP/1.1" 404 1899
INFO 2025-05-31 03:22:47,733 basehttp 24260 22560 "GET /artists/1/whatsapp/ HTTP/1.1" 200 34882
WARNING 2025-05-31 03:22:47,790 basehttp 24260 22560 "GET /static/css/style.css HTTP/1.1" 404 1899
INFO 2025-05-31 03:22:52,906 basehttp 24260 10456 "POST /artists/1/whatsapp/ HTTP/1.1" 200 159
INFO 2025-05-31 03:23:10,170 basehttp 24260 23464 - Broken pipe from ('127.0.0.1', 61016)
INFO 2025-05-31 03:23:31,723 basehttp 24260 10456 - Broken pipe from ('127.0.0.1', 61025)
INFO 2025-05-31 03:23:55,087 basehttp 24260 21936 "GET / HTTP/1.1" 200 19905
WARNING 2025-05-31 03:23:55,157 basehttp 24260 21936 "GET /static/css/style.css HTTP/1.1" 404 1899
INFO 2025-05-31 03:23:59,300 basehttp 24260 25500 "GET / HTTP/1.1" 200 19905
WARNING 2025-05-31 03:23:59,331 basehttp 24260 25500 "GET /static/css/style.css HTTP/1.1" 404 1899
INFO 2025-05-31 03:29:10,933 autoreload 1352 4656 Watching for file changes with StatReloader
INFO 2025-05-31 03:29:14,379 basehttp 1352 11396 "GET /accounts/logout/ HTTP/1.1" 302 0
INFO 2025-05-31 03:29:14,422 basehttp 1352 11396 "GET / HTTP/1.1" 200 16891
WARNING 2025-05-31 03:29:14,487 basehttp 1352 11396 "GET /static/css/style.css HTTP/1.1" 404 1899
INFO 2025-05-31 03:29:17,150 basehttp 1352 14408 "GET /accounts/login/ HTTP/1.1" 200 12162
WARNING 2025-05-31 03:29:17,210 basehttp 1352 14408 "GET /static/css/style.css HTTP/1.1" 404 1899
INFO 2025-05-31 03:29:30,105 basehttp 1352 4700 "POST /accounts/login/ HTTP/1.1" 302 0
INFO 2025-05-31 03:29:30,130 basehttp 1352 4700 "GET /accounts/profile/ HTTP/1.1" 200 24598
INFO 2025-05-31 03:29:30,177 basehttp 1352 3124 "GET /media/profiles/artists/WhatsApp_Image_2025-03-31_at_16.01.12_f4506dfa.jpg HTTP/1.1" 304 0
WARNING 2025-05-31 03:29:30,184 basehttp 1352 4700 "GET /static/css/style.css HTTP/1.1" 404 1899
INFO 2025-05-31 03:29:32,615 basehttp 1352 3124 "GET /media/ HTTP/1.1" 200 42177
INFO 2025-05-31 03:29:32,683 basehttp 1352 17416 "GET /media/media/photos/2025/05/WhatsApp_Image_2025-03-31_at_16.01.12_f4506dfa.jpg HTTP/1.1" 304 0
WARNING 2025-05-31 03:29:32,698 basehttp 1352 3124 "GET /static/css/style.css HTTP/1.1" 404 1899
INFO 2025-05-31 03:29:48,274 basehttp 1352 17416 - Broken pipe from ('127.0.0.1', 61337)
ERROR 2025-05-31 03:30:23,459 log 1352 22136 Internal Server Error: /media/delete/video/1/
Traceback (most recent call last):
  File "D:\projects\TalentZik\venv\lib\site-packages\django\template\smartif.py", line 179, in translate_token
    op = OPERATORS[token]
KeyError: 'object|class_name'

During handling of the above exception, another exception occurred:

Traceback (most recent call last):
  File "D:\projects\TalentZik\venv\lib\site-packages\django\core\handlers\exception.py", line 55, in inner
    response = get_response(request)
  File "D:\projects\TalentZik\venv\lib\site-packages\django\core\handlers\base.py", line 220, in _get_response
    response = response.render()
  File "D:\projects\TalentZik\venv\lib\site-packages\django\template\response.py", line 114, in render
    self.content = self.rendered_content
  File "D:\projects\TalentZik\venv\lib\site-packages\django\template\response.py", line 90, in rendered_content
    template = self.resolve_template(self.template_name)
  File "D:\projects\TalentZik\venv\lib\site-packages\django\template\response.py", line 72, in resolve_template
    return select_template(template, using=self.using)
  File "D:\projects\TalentZik\venv\lib\site-packages\django\template\loader.py", line 42, in select_template
    return engine.get_template(template_name)
  File "D:\projects\TalentZik\venv\lib\site-packages\django\template\backends\django.py", line 33, in get_template
    return Template(self.engine.get_template(template_name), self)
  File "D:\projects\TalentZik\venv\lib\site-packages\django\template\engine.py", line 175, in get_template
    template, origin = self.find_template(template_name)
  File "D:\projects\TalentZik\venv\lib\site-packages\django\template\engine.py", line 157, in find_template
    template = loader.get_template(name, skip=skip)
  File "D:\projects\TalentZik\venv\lib\site-packages\django\template\loaders\cached.py", line 57, in get_template
    template = super().get_template(template_name, skip)
  File "D:\projects\TalentZik\venv\lib\site-packages\django\template\loaders\base.py", line 28, in get_template
    return Template(
  File "D:\projects\TalentZik\venv\lib\site-packages\django\template\base.py", line 154, in __init__
    self.nodelist = self.compile_nodelist()
  File "D:\projects\TalentZik\venv\lib\site-packages\django\template\base.py", line 200, in compile_nodelist
    return parser.parse()
  File "D:\projects\TalentZik\venv\lib\site-packages\django\template\base.py", line 513, in parse
    raise self.error(token, e)
  File "D:\projects\TalentZik\venv\lib\site-packages\django\template\base.py", line 511, in parse
    compiled_result = compile_func(self, token)
  File "D:\projects\TalentZik\venv\lib\site-packages\django\template\loader_tags.py", line 293, in do_extends
    nodelist = parser.parse()
  File "D:\projects\TalentZik\venv\lib\site-packages\django\template\base.py", line 513, in parse
    raise self.error(token, e)
  File "D:\projects\TalentZik\venv\lib\site-packages\django\template\base.py", line 511, in parse
    compiled_result = compile_func(self, token)
  File "D:\projects\TalentZik\venv\lib\site-packages\django\template\loader_tags.py", line 232, in do_block
    nodelist = parser.parse(("endblock",))
  File "D:\projects\TalentZik\venv\lib\site-packages\django\template\base.py", line 513, in parse
    raise self.error(token, e)
  File "D:\projects\TalentZik\venv\lib\site-packages\django\template\base.py", line 511, in parse
    compiled_result = compile_func(self, token)
  File "D:\projects\TalentZik\venv\lib\site-packages\django\template\defaulttags.py", line 952, in do_if
    condition = TemplateIfParser(parser, bits).parse()
  File "D:\projects\TalentZik\venv\lib\site-packages\django\template\defaulttags.py", line 885, in __init__
    super().__init__(*args, **kwargs)
  File "D:\projects\TalentZik\venv\lib\site-packages\django\template\smartif.py", line 170, in __init__
    mapped_tokens.append(self.translate_token(token))
  File "D:\projects\TalentZik\venv\lib\site-packages\django\template\smartif.py", line 181, in translate_token
    return self.create_var(token)
  File "D:\projects\TalentZik\venv\lib\site-packages\django\template\defaulttags.py", line 888, in create_var
    return TemplateLiteral(self.template_parser.compile_filter(value), value)
  File "D:\projects\TalentZik\venv\lib\site-packages\django\template\base.py", line 600, in compile_filter
    return FilterExpression(token, self)
  File "D:\projects\TalentZik\venv\lib\site-packages\django\template\base.py", line 698, in __init__
    filter_func = parser.find_filter(filter_name)
  File "D:\projects\TalentZik\venv\lib\site-packages\django\template\base.py", line 606, in find_filter
    raise TemplateSyntaxError("Invalid filter: '%s'" % filter_name)
django.template.exceptions.TemplateSyntaxError: Invalid filter: 'class_name'
ERROR 2025-05-31 03:30:23,477 basehttp 1352 22136 "GET /media/delete/video/1/ HTTP/1.1" 500 282921
INFO 2025-05-31 03:34:39,846 basehttp 1352 22136 "GET /media/upload/video/ HTTP/1.1" 200 28272
WARNING 2025-05-31 03:34:39,944 basehttp 1352 22136 "GET /static/css/style.css HTTP/1.1" 404 1899
ERROR 2025-05-31 03:35:40,692 views 1352 9196 Erreur lors de l'upload vido : NOT NULL constraint failed: media_files_video.file_size
INFO 2025-05-31 03:35:40,699 basehttp 1352 9196 "POST /media/upload/video/ HTTP/1.1" 200 29238
WARNING 2025-05-31 03:35:40,760 basehttp 1352 9196 "GET /static/css/style.css HTTP/1.1" 404 1899
ERROR 2025-05-31 03:36:50,110 views 1352 23868 Erreur lors de l'upload vido : NOT NULL constraint failed: media_files_video.file_size
INFO 2025-05-31 03:36:50,116 basehttp 1352 23868 "POST /media/upload/video/ HTTP/1.1" 200 29238
WARNING 2025-05-31 03:36:50,177 basehttp 1352 23868 "GET /static/css/style.css HTTP/1.1" 404 1899
ERROR 2025-05-31 03:37:04,359 services 1352 16576 Erreur lors de la lecture de la dure vido : ffprobe error (see stderr output for detail)
ERROR 2025-05-31 03:37:04,444 services 1352 16576 Erreur lors de la gnration de miniature : ffmpeg error (see stderr output for detail)
ERROR 2025-05-31 03:37:04,529 services 1352 16576 Erreur lors du watermarking vido : ffmpeg error (see stderr output for detail)
INFO 2025-05-31 03:37:04,603 basehttp 1352 16576 "POST /media/upload/video/ HTTP/1.1" 302 0
INFO 2025-05-31 03:37:04,646 basehttp 1352 16576 "GET /media/ HTTP/1.1" 200 45187
INFO 2025-05-31 03:37:04,678 basehttp 1352 21380 "GET /media/media/photos/2025/05/TMAR9769_-_Copy.JPG HTTP/1.1" 304 0
WARNING 2025-05-31 03:37:04,686 basehttp 1352 16576 "GET /static/css/style.css HTTP/1.1" 404 1899
INFO 2025-05-31 03:37:20,155 basehttp 1352 24888 - Broken pipe from ('127.0.0.1', 61616)
INFO 2025-05-31 03:37:20,157 basehttp 1352 21380 - Broken pipe from ('127.0.0.1', 61614)
ERROR 2025-05-31 03:38:14,521 log 1352 23328 Internal Server Error: /media/delete/video/1/
Traceback (most recent call last):
  File "D:\projects\TalentZik\venv\lib\site-packages\django\template\smartif.py", line 179, in translate_token
    op = OPERATORS[token]
KeyError: 'object|class_name'

During handling of the above exception, another exception occurred:

Traceback (most recent call last):
  File "D:\projects\TalentZik\venv\lib\site-packages\django\core\handlers\exception.py", line 55, in inner
    response = get_response(request)
  File "D:\projects\TalentZik\venv\lib\site-packages\django\core\handlers\base.py", line 220, in _get_response
    response = response.render()
  File "D:\projects\TalentZik\venv\lib\site-packages\django\template\response.py", line 114, in render
    self.content = self.rendered_content
  File "D:\projects\TalentZik\venv\lib\site-packages\django\template\response.py", line 90, in rendered_content
    template = self.resolve_template(self.template_name)
  File "D:\projects\TalentZik\venv\lib\site-packages\django\template\response.py", line 72, in resolve_template
    return select_template(template, using=self.using)
  File "D:\projects\TalentZik\venv\lib\site-packages\django\template\loader.py", line 42, in select_template
    return engine.get_template(template_name)
  File "D:\projects\TalentZik\venv\lib\site-packages\django\template\backends\django.py", line 33, in get_template
    return Template(self.engine.get_template(template_name), self)
  File "D:\projects\TalentZik\venv\lib\site-packages\django\template\engine.py", line 175, in get_template
    template, origin = self.find_template(template_name)
  File "D:\projects\TalentZik\venv\lib\site-packages\django\template\engine.py", line 157, in find_template
    template = loader.get_template(name, skip=skip)
  File "D:\projects\TalentZik\venv\lib\site-packages\django\template\loaders\cached.py", line 57, in get_template
    template = super().get_template(template_name, skip)
  File "D:\projects\TalentZik\venv\lib\site-packages\django\template\loaders\base.py", line 28, in get_template
    return Template(
  File "D:\projects\TalentZik\venv\lib\site-packages\django\template\base.py", line 154, in __init__
    self.nodelist = self.compile_nodelist()
  File "D:\projects\TalentZik\venv\lib\site-packages\django\template\base.py", line 200, in compile_nodelist
    return parser.parse()
  File "D:\projects\TalentZik\venv\lib\site-packages\django\template\base.py", line 513, in parse
    raise self.error(token, e)
  File "D:\projects\TalentZik\venv\lib\site-packages\django\template\base.py", line 511, in parse
    compiled_result = compile_func(self, token)
  File "D:\projects\TalentZik\venv\lib\site-packages\django\template\loader_tags.py", line 293, in do_extends
    nodelist = parser.parse()
  File "D:\projects\TalentZik\venv\lib\site-packages\django\template\base.py", line 513, in parse
    raise self.error(token, e)
  File "D:\projects\TalentZik\venv\lib\site-packages\django\template\base.py", line 511, in parse
    compiled_result = compile_func(self, token)
  File "D:\projects\TalentZik\venv\lib\site-packages\django\template\loader_tags.py", line 232, in do_block
    nodelist = parser.parse(("endblock",))
  File "D:\projects\TalentZik\venv\lib\site-packages\django\template\base.py", line 513, in parse
    raise self.error(token, e)
  File "D:\projects\TalentZik\venv\lib\site-packages\django\template\base.py", line 511, in parse
    compiled_result = compile_func(self, token)
  File "D:\projects\TalentZik\venv\lib\site-packages\django\template\defaulttags.py", line 952, in do_if
    condition = TemplateIfParser(parser, bits).parse()
  File "D:\projects\TalentZik\venv\lib\site-packages\django\template\defaulttags.py", line 885, in __init__
    super().__init__(*args, **kwargs)
  File "D:\projects\TalentZik\venv\lib\site-packages\django\template\smartif.py", line 170, in __init__
    mapped_tokens.append(self.translate_token(token))
  File "D:\projects\TalentZik\venv\lib\site-packages\django\template\smartif.py", line 181, in translate_token
    return self.create_var(token)
  File "D:\projects\TalentZik\venv\lib\site-packages\django\template\defaulttags.py", line 888, in create_var
    return TemplateLiteral(self.template_parser.compile_filter(value), value)
  File "D:\projects\TalentZik\venv\lib\site-packages\django\template\base.py", line 600, in compile_filter
    return FilterExpression(token, self)
  File "D:\projects\TalentZik\venv\lib\site-packages\django\template\base.py", line 698, in __init__
    filter_func = parser.find_filter(filter_name)
  File "D:\projects\TalentZik\venv\lib\site-packages\django\template\base.py", line 606, in find_filter
    raise TemplateSyntaxError("Invalid filter: '%s'" % filter_name)
django.template.exceptions.TemplateSyntaxError: Invalid filter: 'class_name'
ERROR 2025-05-31 03:38:14,537 basehttp 1352 23328 "GET /media/delete/video/1/ HTTP/1.1" 500 282790
INFO 2025-05-31 03:39:15,409 basehttp 1352 23328 "GET /media/ HTTP/1.1" 200 43677
INFO 2025-05-31 03:39:17,936 basehttp 1352 23344 "GET /media/upload/audio/ HTTP/1.1" 200 24335
INFO 2025-05-31 03:39:17,945 basehttp 1352 21092 - Broken pipe from ('127.0.0.1', 61706)
INFO 2025-05-31 03:39:17,948 basehttp 1352 23328 - Broken pipe from ('127.0.0.1', 61650)
WARNING 2025-05-31 03:39:18,049 basehttp 1352 23344 "GET /static/css/style.css HTTP/1.1" 404 1899
ERROR 2025-05-31 03:39:54,587 services 1352 24256 Erreur lors de la lecture de la dure audio : ffprobe error (see stderr output for detail)
ERROR 2025-05-31 03:39:54,671 services 1352 24256 Erreur lors du watermarking audio : ffmpeg error (see stderr output for detail)
INFO 2025-05-31 03:39:54,701 basehttp 1352 24256 "POST /media/upload/audio/ HTTP/1.1" 302 0
INFO 2025-05-31 03:39:54,741 basehttp 1352 24256 "GET /media/ HTTP/1.1" 200 46071
WARNING 2025-05-31 03:39:54,794 basehttp 1352 24256 "GET /static/css/style.css HTTP/1.1" 404 1899
INFO 2025-05-31 03:39:55,156 basehttp 1352 23180 "GET /media/media/audio/2025/05/Dieu_ton_soutien.mp3 HTTP/1.1" 200 3079105
INFO 2025-05-31 03:40:10,297 basehttp 1352 22872 - Broken pipe from ('127.0.0.1', 61735)
INFO 2025-05-31 03:40:10,299 basehttp 1352 14988 - Broken pipe from ('127.0.0.1', 61736)
WARNING 2025-05-31 03:40:12,028 log 1352 23180 Not Found: /favicon.ico
WARNING 2025-05-31 03:40:12,029 basehttp 1352 23180 "GET /favicon.ico HTTP/1.1" 404 3027
INFO 2025-05-31 03:40:13,925 basehttp 1352 23180 "GET /media/media/audio/2025/05/Dieu_ton_soutien.mp3 HTTP/1.1" 304 0
ERROR 2025-05-31 03:40:35,590 log 1352 23180 Internal Server Error: /media/delete/audio/1/
Traceback (most recent call last):
  File "D:\projects\TalentZik\venv\lib\site-packages\django\template\smartif.py", line 179, in translate_token
    op = OPERATORS[token]
KeyError: 'object|class_name'

During handling of the above exception, another exception occurred:

Traceback (most recent call last):
  File "D:\projects\TalentZik\venv\lib\site-packages\django\core\handlers\exception.py", line 55, in inner
    response = get_response(request)
  File "D:\projects\TalentZik\venv\lib\site-packages\django\core\handlers\base.py", line 220, in _get_response
    response = response.render()
  File "D:\projects\TalentZik\venv\lib\site-packages\django\template\response.py", line 114, in render
    self.content = self.rendered_content
  File "D:\projects\TalentZik\venv\lib\site-packages\django\template\response.py", line 90, in rendered_content
    template = self.resolve_template(self.template_name)
  File "D:\projects\TalentZik\venv\lib\site-packages\django\template\response.py", line 72, in resolve_template
    return select_template(template, using=self.using)
  File "D:\projects\TalentZik\venv\lib\site-packages\django\template\loader.py", line 42, in select_template
    return engine.get_template(template_name)
  File "D:\projects\TalentZik\venv\lib\site-packages\django\template\backends\django.py", line 33, in get_template
    return Template(self.engine.get_template(template_name), self)
  File "D:\projects\TalentZik\venv\lib\site-packages\django\template\engine.py", line 175, in get_template
    template, origin = self.find_template(template_name)
  File "D:\projects\TalentZik\venv\lib\site-packages\django\template\engine.py", line 157, in find_template
    template = loader.get_template(name, skip=skip)
  File "D:\projects\TalentZik\venv\lib\site-packages\django\template\loaders\cached.py", line 57, in get_template
    template = super().get_template(template_name, skip)
  File "D:\projects\TalentZik\venv\lib\site-packages\django\template\loaders\base.py", line 28, in get_template
    return Template(
  File "D:\projects\TalentZik\venv\lib\site-packages\django\template\base.py", line 154, in __init__
    self.nodelist = self.compile_nodelist()
  File "D:\projects\TalentZik\venv\lib\site-packages\django\template\base.py", line 200, in compile_nodelist
    return parser.parse()
  File "D:\projects\TalentZik\venv\lib\site-packages\django\template\base.py", line 513, in parse
    raise self.error(token, e)
  File "D:\projects\TalentZik\venv\lib\site-packages\django\template\base.py", line 511, in parse
    compiled_result = compile_func(self, token)
  File "D:\projects\TalentZik\venv\lib\site-packages\django\template\loader_tags.py", line 293, in do_extends
    nodelist = parser.parse()
  File "D:\projects\TalentZik\venv\lib\site-packages\django\template\base.py", line 513, in parse
    raise self.error(token, e)
  File "D:\projects\TalentZik\venv\lib\site-packages\django\template\base.py", line 511, in parse
    compiled_result = compile_func(self, token)
  File "D:\projects\TalentZik\venv\lib\site-packages\django\template\loader_tags.py", line 232, in do_block
    nodelist = parser.parse(("endblock",))
  File "D:\projects\TalentZik\venv\lib\site-packages\django\template\base.py", line 513, in parse
    raise self.error(token, e)
  File "D:\projects\TalentZik\venv\lib\site-packages\django\template\base.py", line 511, in parse
    compiled_result = compile_func(self, token)
  File "D:\projects\TalentZik\venv\lib\site-packages\django\template\defaulttags.py", line 952, in do_if
    condition = TemplateIfParser(parser, bits).parse()
  File "D:\projects\TalentZik\venv\lib\site-packages\django\template\defaulttags.py", line 885, in __init__
    super().__init__(*args, **kwargs)
  File "D:\projects\TalentZik\venv\lib\site-packages\django\template\smartif.py", line 170, in __init__
    mapped_tokens.append(self.translate_token(token))
  File "D:\projects\TalentZik\venv\lib\site-packages\django\template\smartif.py", line 181, in translate_token
    return self.create_var(token)
  File "D:\projects\TalentZik\venv\lib\site-packages\django\template\defaulttags.py", line 888, in create_var
    return TemplateLiteral(self.template_parser.compile_filter(value), value)
  File "D:\projects\TalentZik\venv\lib\site-packages\django\template\base.py", line 600, in compile_filter
    return FilterExpression(token, self)
  File "D:\projects\TalentZik\venv\lib\site-packages\django\template\base.py", line 698, in __init__
    filter_func = parser.find_filter(filter_name)
  File "D:\projects\TalentZik\venv\lib\site-packages\django\template\base.py", line 606, in find_filter
    raise TemplateSyntaxError("Invalid filter: '%s'" % filter_name)
django.template.exceptions.TemplateSyntaxError: Invalid filter: 'class_name'
ERROR 2025-05-31 03:40:35,610 basehttp 1352 23180 "GET /media/delete/audio/1/ HTTP/1.1" 500 282921
INFO 2025-05-31 03:40:37,736 basehttp 1352 23180 "GET /media/ HTTP/1.1" 200 44563
WARNING 2025-05-31 03:40:37,808 basehttp 1352 23180 "GET /static/css/style.css HTTP/1.1" 404 1899
INFO 2025-05-31 03:40:42,034 basehttp 1352 23772 "GET /media/media/audio/2025/05/Dieu_ton_soutien.mp3 HTTP/1.1" 304 0
WARNING 2025-05-31 03:40:42,041 log 1352 24484 Not Found: /favicon.ico
WARNING 2025-05-31 03:40:42,052 basehttp 1352 24484 "GET /favicon.ico HTTP/1.1" 404 3027
INFO 2025-05-31 03:40:48,653 basehttp 1352 24484 "GET /artists/search/ HTTP/1.1" 200 198349
INFO 2025-05-31 03:40:48,659 basehttp 1352 21740 - Broken pipe from ('127.0.0.1', 61783)
INFO 2025-05-31 03:40:48,662 basehttp 1352 24120 - Broken pipe from ('127.0.0.1', 61780)
WARNING 2025-05-31 03:40:48,725 basehttp 1352 24484 "GET /static/css/style.css HTTP/1.1" 404 1899
INFO 2025-05-31 03:40:50,641 basehttp 1352 23772 "GET /artists/1/ HTTP/1.1" 200 36223
INFO 2025-05-31 03:40:50,682 basehttp 1352 23644 "GET /media/media/photos/2025/05/WhatsApp_Image_2025-03-31_at_16.01.12_f4506dfa.jpg HTTP/1.1" 304 0
WARNING 2025-05-31 03:40:50,690 basehttp 1352 23772 "GET /static/css/style.css HTTP/1.1" 404 1899
INFO 2025-05-31 03:40:50,874 basehttp 1352 23644 "GET /media/media/audio/2025/05/Dieu_ton_soutien.mp3 HTTP/1.1" 304 0
INFO 2025-05-31 03:41:03,008 basehttp 1352 23644 - Broken pipe from ('127.0.0.1', 61796)
INFO 2025-05-31 03:41:03,010 basehttp 1352 14980 - Broken pipe from ('127.0.0.1', 61799)
INFO 2025-05-31 03:41:07,237 basehttp 1352 25016 "GET /media/media/audio/2025/05/Dieu_ton_soutien.mp3 HTTP/1.1" 304 0
WARNING 2025-05-31 03:41:07,252 log 1352 7568 Not Found: /favicon.ico
WARNING 2025-05-31 03:41:07,253 basehttp 1352 7568 "GET /favicon.ico HTTP/1.1" 404 3027
INFO 2025-05-31 03:41:23,136 basehttp 1352 17132 - Broken pipe from ('127.0.0.1', 61800)
INFO 2025-05-31 03:41:23,139 basehttp 1352 11628 - Broken pipe from ('127.0.0.1', 61813)
INFO 2025-05-31 03:41:59,190 autoreload 1352 4656 D:\projects\TalentZik\apps\media_files\views.py changed, reloading.
INFO 2025-05-31 03:42:01,160 autoreload 23908 21684 Watching for file changes with StatReloader
INFO 2025-05-31 03:42:04,904 autoreload 23908 21684 D:\projects\TalentZik\apps\media_files\views.py changed, reloading.
INFO 2025-05-31 03:42:07,005 autoreload 8496 1336 Watching for file changes with StatReloader
INFO 2025-05-31 03:45:16,046 autoreload 8496 1336 D:\projects\TalentZik\apps\media_files\models.py changed, reloading.
INFO 2025-05-31 03:45:18,602 autoreload 8232 24476 Watching for file changes with StatReloader
INFO 2025-05-31 03:45:24,509 autoreload 8232 24476 D:\projects\TalentZik\apps\media_files\models.py changed, reloading.
INFO 2025-05-31 03:45:26,000 autoreload 13828 23892 Watching for file changes with StatReloader
INFO 2025-05-31 03:45:43,572 basehttp 13828 19676 "GET /admin HTTP/1.1" 301 0
INFO 2025-05-31 03:45:43,719 basehttp 13828 19704 "GET /admin/ HTTP/1.1" 302 0
INFO 2025-05-31 03:45:43,881 basehttp 13828 19704 "GET /admin/login/?next=/admin/ HTTP/1.1" 200 3795
INFO 2025-05-31 03:45:44,191 basehttp 13828 19704 "GET /static/admin/css/base.css HTTP/1.1" 200 21207
INFO 2025-05-31 03:45:44,252 basehttp 13828 12160 "GET /static/admin/css/login.css HTTP/1.1" 200 958
INFO 2025-05-31 03:45:44,260 basehttp 13828 10312 "GET /static/admin/css/dark_mode.css HTTP/1.1" 200 2929
INFO 2025-05-31 03:45:44,273 basehttp 13828 12160 "GET /static/admin/js/nav_sidebar.js HTTP/1.1" 200 3063
INFO 2025-05-31 03:45:44,279 basehttp 13828 22460 "GET /static/admin/css/responsive.css HTTP/1.1" 200 18533
INFO 2025-05-31 03:45:44,333 basehttp 13828 10312 "GET /static/admin/js/theme.js HTTP/1.1" 200 1943
INFO 2025-05-31 03:45:44,346 basehttp 13828 24988 "GET /static/admin/css/nav_sidebar.css HTTP/1.1" 200 2694
INFO 2025-05-31 03:46:02,568 basehttp 13828 24988 "POST /admin/login/?next=/admin/ HTTP/1.1" 302 0
INFO 2025-05-31 03:46:02,648 basehttp 13828 24988 "GET /admin/ HTTP/1.1" 200 11934
INFO 2025-05-31 03:46:02,704 basehttp 13828 24988 "GET /static/admin/css/dashboard.css HTTP/1.1" 200 441
INFO 2025-05-31 03:46:02,735 basehttp 13828 10312 "GET /static/admin/img/icon-changelink.svg HTTP/1.1" 200 380
INFO 2025-05-31 03:46:02,784 basehttp 13828 24988 "GET /static/admin/img/icon-addlink.svg HTTP/1.1" 200 331
INFO 2025-05-31 03:46:07,366 basehttp 13828 24988 "GET /admin/accounts/artistprofile/ HTTP/1.1" 200 16257
INFO 2025-05-31 03:46:07,409 basehttp 13828 24988 "GET /static/admin/css/changelists.css HTTP/1.1" 200 6566
INFO 2025-05-31 03:46:07,409 basehttp 13828 19704 "GET /static/admin/js/core.js HTTP/1.1" 200 5682
INFO 2025-05-31 03:46:07,409 basehttp 13828 12160 "GET /static/admin/js/jquery.init.js HTTP/1.1" 200 347
INFO 2025-05-31 03:46:07,413 basehttp 13828 14152 "GET /static/admin/js/admin/RelatedObjectLookups.js HTTP/1.1" 200 8943
INFO 2025-05-31 03:46:07,421 basehttp 13828 10312 "GET /admin/jsi18n/ HTTP/1.1" 200 8621
INFO 2025-05-31 03:46:07,423 basehttp 13828 24988 "GET /static/admin/js/urlify.js HTTP/1.1" 200 7887
INFO 2025-05-31 03:46:07,424 basehttp 13828 19704 "GET /static/admin/js/actions.js HTTP/1.1" 200 7872
INFO 2025-05-31 03:46:07,425 basehttp 13828 12160 "GET /static/admin/js/prepopulate.js HTTP/1.1" 200 1531
INFO 2025-05-31 03:46:07,428 basehttp 13828 22460 "GET /static/admin/js/vendor/jquery/jquery.js HTTP/1.1" 200 292458
INFO 2025-05-31 03:46:07,437 basehttp 13828 14152 "GET /static/admin/js/vendor/xregexp/xregexp.js HTTP/1.1" 200 232381
INFO 2025-05-31 03:46:07,450 basehttp 13828 12160 "GET /static/admin/img/search.svg HTTP/1.1" 200 458
INFO 2025-05-31 03:46:07,451 basehttp 13828 19704 "GET /static/admin/img/icon-yes.svg HTTP/1.1" 200 436
INFO 2025-05-31 03:46:07,469 basehttp 13828 19704 "GET /static/admin/js/filters.js HTTP/1.1" 200 978
INFO 2025-05-31 03:46:07,496 basehttp 13828 19704 "GET /static/admin/img/tooltag-add.svg HTTP/1.1" 200 331
INFO 2025-05-31 03:46:58,947 basehttp 13828 19704 "GET /admin/accounts/user/ HTTP/1.1" 200 18034
INFO 2025-05-31 03:46:59,024 basehttp 13828 19704 "GET /admin/jsi18n/ HTTP/1.1" 200 8621
INFO 2025-05-31 03:46:59,072 basehttp 13828 19704 "GET /static/admin/img/icon-no.svg HTTP/1.1" 200 560
INFO 2025-05-31 03:46:59,119 basehttp 13828 19704 "GET /static/admin/img/sorting-icons.svg HTTP/1.1" 200 1097
INFO 2025-05-31 03:47:13,403 basehttp 13828 19704 "GET /admin/accounts/user/1/change/ HTTP/1.1" 200 33801
INFO 2025-05-31 03:47:13,472 basehttp 13828 19704 "GET /static/admin/css/forms.css HTTP/1.1" 200 9047
INFO 2025-05-31 03:47:13,473 basehttp 13828 24988 "GET /static/admin/js/SelectBox.js HTTP/1.1" 200 4530
INFO 2025-05-31 03:47:13,473 basehttp 13828 12160 "GET /static/admin/js/calendar.js HTTP/1.1" 200 8466
INFO 2025-05-31 03:47:13,474 basehttp 13828 10312 "GET /static/admin/js/SelectFilter2.js HTTP/1.1" 200 15292
INFO 2025-05-31 03:47:13,478 basehttp 13828 14152 "GET /static/admin/js/admin/DateTimeShortcuts.js HTTP/1.1" 200 19319
INFO 2025-05-31 03:47:13,486 basehttp 13828 22460 "GET /admin/jsi18n/ HTTP/1.1" 200 8621
INFO 2025-05-31 03:47:13,497 basehttp 13828 24988 "GET /static/admin/js/prepopulate_init.js HTTP/1.1" 200 586
INFO 2025-05-31 03:47:13,498 basehttp 13828 14152 "GET /static/admin/css/widgets.css HTTP/1.1" 200 11900
INFO 2025-05-31 03:47:13,526 basehttp 13828 24988 "GET /static/admin/js/change_form.js HTTP/1.1" 200 606
INFO 2025-05-31 03:47:13,667 basehttp 13828 24988 "GET /static/admin/img/icon-unknown.svg HTTP/1.1" 200 655
INFO 2025-05-31 03:47:13,668 basehttp 13828 22460 "GET /static/admin/img/icon-unknown-alt.svg HTTP/1.1" 200 655
INFO 2025-05-31 03:47:13,669 basehttp 13828 10312 "GET /static/admin/img/icon-clock.svg HTTP/1.1" 200 677
INFO 2025-05-31 03:47:13,692 basehttp 13828 14152 "GET /static/admin/img/selector-icons.svg HTTP/1.1" 200 3291
INFO 2025-05-31 03:47:13,692 basehttp 13828 12160 "GET /static/admin/img/icon-calendar.svg HTTP/1.1" 200 1086
INFO 2025-05-31 03:47:22,527 basehttp 13828 12160 "GET /admin/accounts/user/ HTTP/1.1" 200 18034
INFO 2025-05-31 03:47:37,521 basehttp 13828 12160 "GET /admin/accounts/ HTTP/1.1" 200 6699
INFO 2025-05-31 03:47:39,607 basehttp 13828 12160 "GET /admin/ HTTP/1.1" 200 11934
INFO 2025-05-31 03:47:41,595 basehttp 13828 12160 "GET /admin/accounts/artistprofile/ HTTP/1.1" 200 16257
INFO 2025-05-31 03:47:41,624 basehttp 13828 12160 "GET /admin/jsi18n/ HTTP/1.1" 200 8621
INFO 2025-05-31 03:49:23,021 basehttp 13828 12160 "POST /admin/logout/ HTTP/1.1" 200 3638
INFO 2025-05-31 03:49:27,177 basehttp 13828 12160 "GET / HTTP/1.1" 200 16027
WARNING 2025-05-31 03:49:27,234 basehttp 13828 12160 "GET /static/css/style.css HTTP/1.1" 404 1899
INFO 2025-05-31 03:49:30,084 basehttp 13828 14152 "GET /accounts/login/ HTTP/1.1" 200 12162
WARNING 2025-05-31 03:49:30,122 basehttp 13828 14152 "GET /static/css/style.css HTTP/1.1" 404 1899
INFO 2025-05-31 03:49:40,454 basehttp 13828 10312 "POST /accounts/login/ HTTP/1.1" 302 0
INFO 2025-05-31 03:49:40,472 basehttp 13828 10312 "GET /accounts/profile/ HTTP/1.1" 200 24598
INFO 2025-05-31 03:49:40,503 basehttp 13828 22460 "GET /media/profiles/artists/WhatsApp_Image_2025-03-31_at_16.01.12_f4506dfa.jpg HTTP/1.1" 304 0
WARNING 2025-05-31 03:49:40,512 basehttp 13828 10312 "GET /static/css/style.css HTTP/1.1" 404 1899
INFO 2025-05-31 03:49:42,899 basehttp 13828 22460 "GET /media/ HTTP/1.1" 200 44706
WARNING 2025-05-31 03:49:42,938 basehttp 13828 22460 "GET /static/css/style.css HTTP/1.1" 404 1899
INFO 2025-05-31 03:49:43,061 basehttp 13828 24988 "GET /media/media/audio/2025/05/Dieu_ton_soutien.mp3 HTTP/1.1" 304 0
INFO 2025-05-31 03:49:58,158 basehttp 13828 19704 - Broken pipe from ('127.0.0.1', 62032)
INFO 2025-05-31 03:49:58,159 basehttp 13828 20964 - Broken pipe from ('127.0.0.1', 62186)
ERROR 2025-05-31 03:50:02,349 log 13828 24988 Internal Server Error: /media/edit/photo/2/
Traceback (most recent call last):
  File "D:\projects\TalentZik\venv\lib\site-packages\django\core\handlers\exception.py", line 55, in inner
    response = get_response(request)
  File "D:\projects\TalentZik\venv\lib\site-packages\django\core\handlers\base.py", line 220, in _get_response
    response = response.render()
  File "D:\projects\TalentZik\venv\lib\site-packages\django\template\response.py", line 114, in render
    self.content = self.rendered_content
  File "D:\projects\TalentZik\venv\lib\site-packages\django\template\response.py", line 90, in rendered_content
    template = self.resolve_template(self.template_name)
  File "D:\projects\TalentZik\venv\lib\site-packages\django\template\response.py", line 72, in resolve_template
    return select_template(template, using=self.using)
  File "D:\projects\TalentZik\venv\lib\site-packages\django\template\loader.py", line 47, in select_template
    raise TemplateDoesNotExist(", ".join(template_name_list), chain=chain)
django.template.exceptions.TemplateDoesNotExist: media_files/edit_photo.html
ERROR 2025-05-31 03:50:02,353 basehttp 13828 24988 "GET /media/edit/photo/2/ HTTP/1.1" 500 93404
INFO 2025-05-31 03:50:13,201 basehttp 13828 11432 "GET /media/delete/audio/1/ HTTP/1.1" 200 19066
INFO 2025-05-31 03:50:13,212 basehttp 13828 24988 - Broken pipe from ('127.0.0.1', 62037)
INFO 2025-05-31 03:50:13,215 basehttp 13828 13608 - Broken pipe from ('127.0.0.1', 62192)
WARNING 2025-05-31 03:50:13,269 basehttp 13828 11432 "GET /static/css/style.css HTTP/1.1" 404 1899
INFO 2025-05-31 03:50:19,946 basehttp 13828 24164 "POST /media/delete/audio/1/ HTTP/1.1" 302 0
INFO 2025-05-31 03:50:19,978 basehttp 13828 24164 "GET /media/ HTTP/1.1" 200 43218
WARNING 2025-05-31 03:50:20,016 basehttp 13828 24164 "GET /static/css/style.css HTTP/1.1" 404 1899
INFO 2025-05-31 03:50:27,370 basehttp 13828 13444 "GET /media/delete/video/2/ HTTP/1.1" 200 19149
INFO 2025-05-31 03:50:27,384 basehttp 13828 21448 - Broken pipe from ('127.0.0.1', 62211)
INFO 2025-05-31 03:50:27,388 basehttp 13828 4412 - Broken pipe from ('127.0.0.1', 62212)
WARNING 2025-05-31 03:50:27,438 basehttp 13828 13444 "GET /static/css/style.css HTTP/1.1" 404 1899
INFO 2025-05-31 03:50:28,822 basehttp 13828 24928 "POST /media/delete/video/2/ HTTP/1.1" 302 0
INFO 2025-05-31 03:50:28,852 basehttp 13828 24928 "GET /media/ HTTP/1.1" 200 41264
WARNING 2025-05-31 03:50:28,893 basehttp 13828 24928 "GET /static/css/style.css HTTP/1.1" 404 1899
INFO 2025-05-31 03:50:44,137 basehttp 13828 20984 - Broken pipe from ('127.0.0.1', 62219)
ERROR 2025-05-31 03:51:37,605 log 13828 10312 Internal Server Error: /media/edit/photo/2/
Traceback (most recent call last):
  File "D:\projects\TalentZik\venv\lib\site-packages\django\core\handlers\exception.py", line 55, in inner
    response = get_response(request)
  File "D:\projects\TalentZik\venv\lib\site-packages\django\core\handlers\base.py", line 220, in _get_response
    response = response.render()
  File "D:\projects\TalentZik\venv\lib\site-packages\django\template\response.py", line 114, in render
    self.content = self.rendered_content
  File "D:\projects\TalentZik\venv\lib\site-packages\django\template\response.py", line 90, in rendered_content
    template = self.resolve_template(self.template_name)
  File "D:\projects\TalentZik\venv\lib\site-packages\django\template\response.py", line 72, in resolve_template
    return select_template(template, using=self.using)
  File "D:\projects\TalentZik\venv\lib\site-packages\django\template\loader.py", line 47, in select_template
    raise TemplateDoesNotExist(", ".join(template_name_list), chain=chain)
django.template.exceptions.TemplateDoesNotExist: media_files/edit_photo.html
ERROR 2025-05-31 03:51:37,609 basehttp 13828 10312 "GET /media/edit/photo/2/ HTTP/1.1" 500 93404
WARNING 2025-05-31 03:53:47,508 log 13828 11024 Not Found: /favicon.ico
WARNING 2025-05-31 03:53:47,510 basehttp 13828 11024 "GET /favicon.ico HTTP/1.1" 404 3027
INFO 2025-05-31 03:57:42,018 autoreload 13828 23892 D:\projects\TalentZik\apps\media_files\admin.py changed, reloading.
INFO 2025-05-31 03:57:43,727 autoreload 5764 6412 Watching for file changes with StatReloader
INFO 2025-05-31 03:57:46,942 autoreload 5764 6412 D:\projects\TalentZik\apps\media_files\admin.py changed, reloading.
INFO 2025-05-31 03:57:49,202 autoreload 22872 17036 Watching for file changes with StatReloader
INFO 2025-05-31 03:59:22,649 basehttp 22872 23944 "GET /media/ HTTP/1.1" 200 43876
INFO 2025-05-31 03:59:22,736 basehttp 22872 1964 "GET /media/media/photos/2025/05/WhatsApp_Image_2025-03-31_at_16.01.12_f4506dfa.jpg HTTP/1.1" 304 0
INFO 2025-05-31 03:59:22,760 basehttp 22872 7728 "GET /media/media/photos/2025/05/TMAR9769_-_Copy.JPG HTTP/1.1" 304 0
WARNING 2025-05-31 03:59:22,766 basehttp 22872 23944 "GET /static/css/style.css HTTP/1.1" 404 1899
INFO 2025-05-31 03:59:38,965 basehttp 22872 7728 - Broken pipe from ('127.0.0.1', 62569)
INFO 2025-05-31 03:59:42,870 basehttp 22872 1964 "GET /media/ HTTP/1.1" 200 43876
WARNING 2025-05-31 03:59:42,904 basehttp 22872 1964 "GET /static/css/style.css HTTP/1.1" 404 1899
INFO 2025-05-31 03:59:48,471 basehttp 22872 24448 "GET /media/upload/photo/ HTTP/1.1" 200 25921
INFO 2025-05-31 03:59:48,476 basehttp 22872 10564 - Broken pipe from ('127.0.0.1', 62581)
WARNING 2025-05-31 03:59:48,518 basehttp 22872 24448 "GET /static/css/style.css HTTP/1.1" 404 1899
INFO 2025-05-31 03:59:55,088 basehttp 22872 14080 "GET /media/upload/photo/ HTTP/1.1" 200 25921
INFO 2025-05-31 03:59:55,098 basehttp 22872 8724 - Broken pipe from ('127.0.0.1', 62586)
WARNING 2025-05-31 03:59:55,149 basehttp 22872 14080 "GET /static/css/style.css HTTP/1.1" 404 1899
INFO 2025-05-31 04:00:15,649 basehttp 22872 4376 - Broken pipe from ('127.0.0.1', 62589)
INFO 2025-05-31 04:06:21,449 basehttp 22872 24896 "GET /media/ HTTP/1.1" 200 47059
INFO 2025-05-31 04:06:21,522 basehttp 22872 21140 "GET /media/profiles/artists/WhatsApp_Image_2025-03-31_at_16.01.12_f4506dfa.jpg HTTP/1.1" 304 0
WARNING 2025-05-31 04:06:21,542 basehttp 22872 24896 "GET /static/css/style.css HTTP/1.1" 404 1899
INFO 2025-05-31 04:06:37,400 basehttp 22872 22324 "GET /media/edit/photo/2/ HTTP/1.1" 200 23651
INFO 2025-05-31 04:06:37,406 basehttp 22872 21140 - Broken pipe from ('127.0.0.1', 62923)
WARNING 2025-05-31 04:06:37,431 basehttp 22872 22324 "GET /static/css/style.css HTTP/1.1" 404 1899
INFO 2025-05-31 04:06:43,237 basehttp 22872 24248 "GET /media/ HTTP/1.1" 200 47059
WARNING 2025-05-31 04:06:43,290 basehttp 22872 24248 "GET /static/css/style.css HTTP/1.1" 404 1899
INFO 2025-05-31 04:06:50,562 basehttp 22872 7184 "GET /media/delete/photo/1/ HTTP/1.1" 200 19179
INFO 2025-05-31 04:06:50,585 basehttp 22872 20024 - Broken pipe from ('127.0.0.1', 62949)
WARNING 2025-05-31 04:06:50,621 basehttp 22872 7184 "GET /static/css/style.css HTTP/1.1" 404 1899
INFO 2025-05-31 04:06:52,259 basehttp 22872 3856 "POST /media/delete/photo/1/ HTTP/1.1" 302 0
INFO 2025-05-31 04:06:52,289 basehttp 22872 3856 "GET /media/ HTTP/1.1" 200 43249
WARNING 2025-05-31 04:06:52,327 basehttp 22872 3856 "GET /static/css/style.css HTTP/1.1" 404 1899
INFO 2025-05-31 04:06:57,164 basehttp 22872 5408 "GET / HTTP/1.1" 200 21208
INFO 2025-05-31 04:06:57,173 basehttp 22872 23684 - Broken pipe from ('127.0.0.1', 62952)
WARNING 2025-05-31 04:06:57,209 basehttp 22872 5408 "GET /static/css/style.css HTTP/1.1" 404 1899
INFO 2025-05-31 04:07:35,582 basehttp 22872 12292 "GET / HTTP/1.1" 200 32918
WARNING 2025-05-31 04:07:35,653 basehttp 22872 12292 "GET /static/css/style.css HTTP/1.1" 404 1899
INFO 2025-05-31 04:08:27,283 basehttp 22872 5200 "GET / HTTP/1.1" 200 21208
WARNING 2025-05-31 04:08:27,411 basehttp 22872 5200 "GET /static/css/style.css HTTP/1.1" 404 1899
INFO 2025-05-31 04:12:28,237 autoreload 23684 23720 Watching for file changes with StatReloader
INFO 2025-05-31 04:12:37,150 basehttp 22872 10448 "GET / HTTP/1.1" 200 31504
WARNING 2025-05-31 04:12:37,258 basehttp 22872 10448 "GET /static/css/style.css HTTP/1.1" 404 1899
INFO 2025-05-31 04:25:54,088 basehttp 22872 7136 "GET / HTTP/1.1" 200 28878
INFO 2025-05-31 04:25:54,166 basehttp 22872 5004 "GET /media/profiles/artists/WhatsApp_Image_2025-03-31_at_16.01.12_f4506dfa.jpg HTTP/1.1" 304 0
WARNING 2025-05-31 04:25:54,191 basehttp 22872 7136 "GET /static/css/style.css HTTP/1.1" 404 1899
INFO 2025-05-31 04:26:02,119 basehttp 22872 5004 "GET / HTTP/1.1" 200 28878
WARNING 2025-05-31 04:26:02,188 basehttp 22872 5004 "GET /static/css/style.css HTTP/1.1" 404 1899
INFO 2025-05-31 04:26:58,598 basehttp 22872 25520 "GET / HTTP/1.1" 200 28770
WARNING 2025-05-31 04:26:58,719 basehttp 22872 25520 "GET /static/css/style.css HTTP/1.1" 404 1899
INFO 2025-05-31 04:28:58,006 basehttp 22872 11576 "GET /artists/search/ HTTP/1.1" 200 198349
WARNING 2025-05-31 04:28:58,093 basehttp 22872 11576 "GET /static/css/style.css HTTP/1.1" 404 1899
INFO 2025-05-31 04:29:09,076 basehttp 22872 25260 "GET /about/ HTTP/1.1" 200 27456
WARNING 2025-05-31 04:29:09,111 basehttp 22872 25260 "GET /static/css/style.css HTTP/1.1" 404 1899
INFO 2025-05-31 04:30:17,242 basehttp 22872 3048 "GET / HTTP/1.1" 200 28770
WARNING 2025-05-31 04:30:17,310 basehttp 22872 3048 "GET /static/css/style.css HTTP/1.1" 404 1899
INFO 2025-05-31 04:30:47,996 basehttp 22872 4100 "GET / HTTP/1.1" 200 28771
WARNING 2025-05-31 04:30:48,129 basehttp 22872 4100 "GET /static/css/style.css HTTP/1.1" 404 1899
INFO 2025-05-31 04:31:15,738 basehttp 22872 4072 "GET / HTTP/1.1" 200 28770
WARNING 2025-05-31 04:31:15,825 basehttp 22872 4072 "GET /static/css/style.css HTTP/1.1" 404 1899
INFO 2025-05-31 04:32:56,907 basehttp 22872 23072 "GET /about/ HTTP/1.1" 200 35995
WARNING 2025-05-31 04:32:57,012 basehttp 22872 23072 "GET /static/css/style.css HTTP/1.1" 404 1899
WARNING 2025-05-31 04:37:13,340 basehttp 22872 24384 "GET /static/css/style.css HTTP/1.1" 404 1899
WARNING 2025-05-31 04:37:13,446 log 22872 7460 Not Found: /.well-known/appspecific/com.chrome.devtools.json
WARNING 2025-05-31 04:37:13,509 basehttp 22872 7460 "GET /.well-known/appspecific/com.chrome.devtools.json HTTP/1.1" 404 3138
INFO 2025-05-31 04:39:08,753 basehttp 22872 7460 "GET /about/ HTTP/1.1" 200 33215
WARNING 2025-05-31 04:39:08,837 basehttp 22872 7460 "GET /static/css/style.css HTTP/1.1" 404 1899
INFO 2025-05-31 04:40:05,389 basehttp 22872 23956 "GET / HTTP/1.1" 200 28770
WARNING 2025-05-31 04:40:05,448 basehttp 22872 23956 "GET /static/css/style.css HTTP/1.1" 404 1899
INFO 2025-05-31 04:43:28,732 basehttp 22872 15080 "GET / HTTP/1.1" 200 30421
INFO 2025-05-31 04:43:28,826 basehttp 22872 20856 "GET /media/profiles/artists/WhatsApp_Image_2025-03-31_at_16.01.12_f4506dfa.jpg HTTP/1.1" 304 0
WARNING 2025-05-31 04:43:28,854 basehttp 22872 15080 "GET /static/css/style.css HTTP/1.1" 404 1899
INFO 2025-05-31 04:47:01,669 basehttp 22872 20856 "GET / HTTP/1.1" 200 29621
WARNING 2025-05-31 04:47:01,832 basehttp 22872 20856 "GET /static/css/style.css HTTP/1.1" 404 1899
INFO 2025-05-31 04:48:57,996 basehttp 22872 2344 "GET / HTTP/1.1" 200 29077
WARNING 2025-05-31 04:48:58,074 basehttp 22872 2344 "GET /static/css/style.css HTTP/1.1" 404 1899
INFO 2025-05-31 04:52:52,933 basehttp 22872 20856 "GET /accounts/logout/ HTTP/1.1" 302 0
INFO 2025-05-31 04:52:52,999 basehttp 22872 20856 "GET / HTTP/1.1" 200 24862
WARNING 2025-05-31 04:52:53,116 basehttp 22872 20856 "GET /static/css/style.css HTTP/1.1" 404 1899
INFO 2025-05-31 04:52:58,746 basehttp 22872 6528 "GET /artists/search/ HTTP/1.1" 200 193168
WARNING 2025-05-31 04:52:58,816 basehttp 22872 6528 "GET /static/css/style.css HTTP/1.1" 404 1899
INFO 2025-05-31 04:53:01,646 basehttp 22872 12624 "GET /artists/1/ HTTP/1.1" 200 27130
INFO 2025-05-31 04:53:01,682 basehttp 22872 10456 "GET /media/media/photos/2025/05/WhatsApp_Image_2025-03-31_at_16.01.12_f4506dfa.jpg HTTP/1.1" 304 0
WARNING 2025-05-31 04:53:01,691 basehttp 22872 12624 "GET /static/css/style.css HTTP/1.1" 404 1899
INFO 2025-05-31 04:53:17,198 basehttp 22872 10456 - Broken pipe from ('127.0.0.1', 65323)
INFO 2025-05-31 04:53:40,366 basehttp 22872 23084 "GET /accounts/login/ HTTP/1.1" 200 12162
WARNING 2025-05-31 04:53:40,432 basehttp 22872 23084 "GET /static/css/style.css HTTP/1.1" 404 1899
INFO 2025-05-31 04:53:51,025 basehttp 22872 5232 "POST /accounts/login/ HTTP/1.1" 302 0
INFO 2025-05-31 04:53:51,044 basehttp 22872 5232 "GET /accounts/profile/ HTTP/1.1" 200 24598
WARNING 2025-05-31 04:53:51,084 basehttp 22872 5232 "GET /static/css/style.css HTTP/1.1" 404 1899
INFO 2025-05-31 04:53:54,921 basehttp 22872 22124 "GET /artists/search/ HTTP/1.1" 200 198349
WARNING 2025-05-31 04:53:54,967 basehttp 22872 22124 "GET /static/css/style.css HTTP/1.1" 404 1899
INFO 2025-05-31 04:53:56,938 basehttp 22872 21320 - Broken pipe from ('127.0.0.1', 65374)
INFO 2025-05-31 04:53:56,957 basehttp 22872 21420 "GET /artists/1/ HTTP/1.1" 200 33310
WARNING 2025-05-31 04:53:57,005 basehttp 22872 21420 "GET /static/css/style.css HTTP/1.1" 404 1899
INFO 2025-05-31 04:54:11,675 basehttp 22872 16012 "GET /accounts/logout/ HTTP/1.1" 302 0
INFO 2025-05-31 04:54:11,685 basehttp 22872 16012 "GET / HTTP/1.1" 200 24816
INFO 2025-05-31 04:54:11,692 basehttp 22872 13676 - Broken pipe from ('127.0.0.1', 65380)
WARNING 2025-05-31 04:54:11,738 basehttp 22872 16012 "GET /static/css/style.css HTTP/1.1" 404 1899
INFO 2025-05-31 04:54:14,604 basehttp 22872 14080 "GET /accounts/login/ HTTP/1.1" 200 12162
WARNING 2025-05-31 04:54:14,663 basehttp 22872 14080 "GET /static/css/style.css HTTP/1.1" 404 1899
INFO 2025-05-31 04:54:29,973 basehttp 22872 24120 "POST /accounts/login/ HTTP/1.1" 302 0
INFO 2025-05-31 04:54:30,004 basehttp 22872 24120 "GET /accounts/profile/ HTTP/1.1" 200 21107
WARNING 2025-05-31 04:54:30,102 basehttp 22872 24120 "GET /static/css/style.css HTTP/1.1" 404 1899
INFO 2025-05-31 04:54:33,518 basehttp 22872 9804 "GET /artists/search/ HTTP/1.1" 200 197046
WARNING 2025-05-31 04:54:33,595 basehttp 22872 9804 "GET /static/css/style.css HTTP/1.1" 404 1899
INFO 2025-05-31 04:54:35,896 basehttp 22872 5612 "GET /artists/1/ HTTP/1.1" 200 34029
WARNING 2025-05-31 04:54:35,933 basehttp 22872 5612 "GET /static/css/style.css HTTP/1.1" 404 1899
INFO 2025-05-31 04:54:51,239 basehttp 22872 5084 - Broken pipe from ('127.0.0.1', 65407)
INFO 2025-05-31 04:55:05,261 basehttp 22872 12152 "GET /accounts/logout/ HTTP/1.1" 302 0
INFO 2025-05-31 04:55:05,270 basehttp 22872 12152 "GET / HTTP/1.1" 200 24816
WARNING 2025-05-31 04:55:05,312 basehttp 22872 12152 "GET /static/css/style.css HTTP/1.1" 404 1899
INFO 2025-05-31 04:56:23,644 basehttp 22872 25016 "GET / HTTP/1.1" 200 23946
WARNING 2025-05-31 04:56:23,818 basehttp 22872 25016 "GET /static/css/style.css HTTP/1.1" 404 1899
INFO 2025-05-31 05:03:30,945 basehttp 22872 17300 "GET / HTTP/1.1" 200 28048
WARNING 2025-05-31 05:03:31,056 basehttp 22872 17300 "GET /static/css/style.css HTTP/1.1" 404 1899
INFO 2025-05-31 05:06:12,890 basehttp 22872 23652 "GET / HTTP/1.1" 200 26178
WARNING 2025-05-31 05:06:12,997 basehttp 22872 23652 "GET /static/css/style.css HTTP/1.1" 404 1899
INFO 2025-05-31 05:09:25,435 basehttp 22872 12448 "GET / HTTP/1.1" 200 26146
WARNING 2025-05-31 05:09:25,560 basehttp 22872 12448 "GET /static/css/style.css HTTP/1.1" 404 1899
INFO 2025-05-31 05:09:32,763 basehttp 22872 24164 "GET / HTTP/1.1" 200 26146
WARNING 2025-05-31 05:09:32,826 basehttp 22872 24164 "GET /static/css/style.css HTTP/1.1" 404 1899
INFO 2025-05-31 05:15:06,063 basehttp 22872 8500 "GET / HTTP/1.1" 200 26044
WARNING 2025-05-31 05:15:06,162 basehttp 22872 8500 "GET /static/css/style.css HTTP/1.1" 404 1899
INFO 2025-05-31 05:15:24,380 basehttp 22872 24456 "GET / HTTP/1.1" 200 26044
WARNING 2025-05-31 05:15:24,454 basehttp 22872 24456 "GET /static/css/style.css HTTP/1.1" 404 1899
INFO 2025-05-31 05:17:24,639 basehttp 22872 23356 "GET / HTTP/1.1" 200 25267
WARNING 2025-05-31 05:17:24,751 basehttp 22872 23356 "GET /static/css/style.css HTTP/1.1" 404 1899
WARNING 2025-05-31 05:17:38,466 log 22872 21968 Not Found: /favicon.ico
WARNING 2025-05-31 05:17:38,468 basehttp 22872 21968 "GET /favicon.ico HTTP/1.1" 404 3027
INFO 2025-05-31 05:19:11,785 basehttp 22872 21968 "GET /about/ HTTP/1.1" 200 28034
WARNING 2025-05-31 05:19:11,932 basehttp 22872 21968 "GET /static/css/style.css HTTP/1.1" 404 1899
INFO 2025-05-31 05:19:49,086 basehttp 22872 12516 "GET /artists/search/ HTTP/1.1" 200 193168
INFO 2025-05-31 05:19:49,141 basehttp 22872 6020 "GET /media/profiles/artists/WhatsApp_Image_2025-03-31_at_16.01.12_f4506dfa.jpg HTTP/1.1" 304 0
WARNING 2025-05-31 05:19:49,156 basehttp 22872 12516 "GET /static/css/style.css HTTP/1.1" 404 1899
INFO 2025-05-31 05:19:57,174 basehttp 22872 6020 "GET /artists/search/ HTTP/1.1" 200 193168
WARNING 2025-05-31 05:19:57,211 basehttp 22872 6020 "GET /static/css/style.css HTTP/1.1" 404 1899
INFO 2025-05-31 05:23:12,558 basehttp 22872 24908 "GET /artists/search/?search=&sort_by=-rating_average&region=adamaoua&city=&min_rating= HTTP/1.1" 200 186707
WARNING 2025-05-31 05:23:12,672 basehttp 22872 24908 "GET /static/css/style.css HTTP/1.1" 404 1899
INFO 2025-05-31 05:23:22,630 basehttp 22872 13556 "GET /artists/search/ HTTP/1.1" 200 193168
WARNING 2025-05-31 05:23:22,666 basehttp 22872 13556 "GET /static/css/style.css HTTP/1.1" 404 1899
INFO 2025-05-31 05:24:23,366 basehttp 22872 22752 "GET /accounts/login/ HTTP/1.1" 200 12162
WARNING 2025-05-31 05:24:23,424 basehttp 22872 22752 "GET /static/css/style.css HTTP/1.1" 404 1899
INFO 2025-05-31 05:24:31,231 basehttp 22872 15276 "GET /accounts/register/ HTTP/1.1" 200 14890
WARNING 2025-05-31 05:24:31,273 basehttp 22872 15276 "GET /static/css/style.css HTTP/1.1" 404 1899
INFO 2025-05-31 05:24:38,313 basehttp 22872 8496 "GET /accounts/register/artist/ HTTP/1.1" 200 19179
WARNING 2025-05-31 05:24:38,356 basehttp 22872 8496 "GET /static/css/style.css HTTP/1.1" 404 1899
INFO 2025-05-31 05:24:46,116 basehttp 22872 7348 "GET /accounts/register/ HTTP/1.1" 200 14890
WARNING 2025-05-31 05:24:46,161 basehttp 22872 7348 "GET /static/css/style.css HTTP/1.1" 404 1899
INFO 2025-05-31 05:24:48,066 basehttp 22872 11644 "GET /accounts/register/organizer/ HTTP/1.1" 200 20462
WARNING 2025-05-31 05:24:48,103 basehttp 22872 11644 "GET /static/css/style.css HTTP/1.1" 404 1899
INFO 2025-05-31 05:24:51,961 basehttp 22872 13556 "GET /accounts/register/ HTTP/1.1" 200 14890
WARNING 2025-05-31 05:24:51,999 basehttp 22872 13556 "GET /static/css/style.css HTTP/1.1" 404 1899
INFO 2025-05-31 05:24:56,705 basehttp 22872 19488 "GET /accounts/login/ HTTP/1.1" 200 12162
WARNING 2025-05-31 05:24:56,741 basehttp 22872 19488 "GET /static/css/style.css HTTP/1.1" 404 1899
INFO 2025-05-31 05:25:01,997 basehttp 22872 18224 "GET /artists/search/ HTTP/1.1" 200 201518
WARNING 2025-05-31 05:25:02,042 basehttp 22872 18224 "GET /static/css/style.css HTTP/1.1" 404 1899
INFO 2025-05-31 05:25:34,911 basehttp 22872 8376 "GET /artists/search/ HTTP/1.1" 200 201518
WARNING 2025-05-31 05:25:35,001 basehttp 22872 8376 "GET /static/css/style.css HTTP/1.1" 404 1899
INFO 2025-05-31 05:25:43,317 basehttp 22872 25328 "GET /artists/search/ HTTP/1.1" 200 193168
WARNING 2025-05-31 05:25:43,378 basehttp 22872 25328 "GET /static/css/style.css HTTP/1.1" 404 1899
INFO 2025-05-31 05:25:52,625 basehttp 22872 19548 "GET /accounts/login/ HTTP/1.1" 200 12162
WARNING 2025-05-31 05:25:52,662 basehttp 22872 19548 "GET /static/css/style.css HTTP/1.1" 404 1899
INFO 2025-05-31 05:26:08,523 basehttp 22872 6620 "POST /accounts/login/ HTTP/1.1" 302 0
INFO 2025-05-31 05:26:08,563 basehttp 22872 6620 "GET /accounts/profile/ HTTP/1.1" 200 24598
WARNING 2025-05-31 05:26:08,604 basehttp 22872 6620 "GET /static/css/style.css HTTP/1.1" 404 1899
INFO 2025-05-31 05:26:24,515 basehttp 22872 16828 "GET /media/ HTTP/1.1" 200 43249
INFO 2025-05-31 05:26:24,555 basehttp 22872 22168 "GET /media/media/photos/2025/05/WhatsApp_Image_2025-03-31_at_16.01.12_f4506dfa.jpg HTTP/1.1" 304 0
WARNING 2025-05-31 05:26:24,565 basehttp 22872 16828 "GET /static/css/style.css HTTP/1.1" 404 1899
INFO 2025-05-31 05:26:29,202 basehttp 22872 14384 "GET /accounts/profile/ HTTP/1.1" 200 23692
INFO 2025-05-31 05:26:29,208 basehttp 22872 22168 - Broken pipe from ('127.0.0.1', 51430)
INFO 2025-05-31 05:26:31,109 basehttp 22872 14384 "GET /media/ HTTP/1.1" 200 43249
WARNING 2025-05-31 05:26:31,159 basehttp 22872 14384 "GET /static/css/style.css HTTP/1.1" 404 1899
INFO 2025-05-31 05:26:44,088 basehttp 22872 3908 - Broken pipe from ('127.0.0.1', 51432)
INFO 2025-05-31 05:26:45,969 basehttp 22872 17104 "GET /reviews/my-reviews/ HTTP/1.1" 200 20839
WARNING 2025-05-31 05:26:46,008 basehttp 22872 17104 "GET /static/css/style.css HTTP/1.1" 404 1899
INFO 2025-05-31 05:26:53,250 basehttp 22872 20104 "GET /accounts/password/change/ HTTP/1.1" 200 20350
WARNING 2025-05-31 05:26:53,290 basehttp 22872 20104 "GET /static/css/style.css HTTP/1.1" 404 1899
INFO 2025-05-31 05:26:55,994 basehttp 22872 1404 "GET /accounts/password/change/ HTTP/1.1" 200 20350
WARNING 2025-05-31 05:26:56,027 basehttp 22872 1404 "GET /static/css/style.css HTTP/1.1" 404 1899
INFO 2025-05-31 05:28:17,482 basehttp 22872 25144 "GET /accounts/profile/edit/ HTTP/1.1" 200 45039
WARNING 2025-05-31 05:28:17,615 basehttp 22872 25144 "GET /static/css/style.css HTTP/1.1" 404 1899
INFO 2025-05-31 05:28:26,884 basehttp 22872 21104 "GET /accounts/profile/ HTTP/1.1" 200 23692
WARNING 2025-05-31 05:28:26,947 basehttp 22872 21104 "GET /static/css/style.css HTTP/1.1" 404 1899
INFO 2025-05-31 05:29:37,103 basehttp 22872 23704 "GET /accounts/profile/edit/ HTTP/1.1" 200 45039
WARNING 2025-05-31 05:29:37,157 basehttp 22872 23704 "GET /static/css/style.css HTTP/1.1" 404 1899
INFO 2025-05-31 05:32:30,174 basehttp 22872 21264 "GET /accounts/profile/ HTTP/1.1" 200 23692
WARNING 2025-05-31 05:32:30,228 basehttp 22872 21264 "GET /static/css/style.css HTTP/1.1" 404 1899
INFO 2025-05-31 05:32:42,556 basehttp 22872 13176 "GET /media/ HTTP/1.1" 200 43249
WARNING 2025-05-31 05:32:42,596 basehttp 22872 13176 "GET /static/css/style.css HTTP/1.1" 404 1899
INFO 2025-05-31 05:32:49,238 basehttp 22872 5232 - Broken pipe from ('127.0.0.1', 51650)
INFO 2025-05-31 05:32:51,016 basehttp 22872 20144 "GET /accounts/profile/ HTTP/1.1" 200 23692
WARNING 2025-05-31 05:32:51,046 basehttp 22872 20144 "GET /static/css/style.css HTTP/1.1" 404 1899
INFO 2025-05-31 05:33:35,738 basehttp 22872 19992 "GET /artists/search/ HTTP/1.1" 200 198349
WARNING 2025-05-31 05:33:35,804 basehttp 22872 19992 "GET /static/css/style.css HTTP/1.1" 404 1899
INFO 2025-05-31 05:33:38,325 basehttp 22872 21444 "GET /artists/1/ HTTP/1.1" 200 38536
WARNING 2025-05-31 05:33:38,383 basehttp 22872 21444 "GET /static/css/style.css HTTP/1.1" 404 1899
INFO 2025-05-31 05:33:54,070 basehttp 22872 19472 - Broken pipe from ('127.0.0.1', 51684)
INFO 2025-05-31 05:34:02,365 basehttp 22872 22308 "GET /artists/1/ HTTP/1.1" 200 33310
WARNING 2025-05-31 05:34:02,491 basehttp 22872 22308 "GET /static/css/style.css HTTP/1.1" 404 1899
INFO 2025-05-31 05:34:17,025 basehttp 22872 9664 "GET /accounts/profile/ HTTP/1.1" 200 23692
INFO 2025-05-31 05:34:17,032 basehttp 22872 8184 - Broken pipe from ('127.0.0.1', 51701)
WARNING 2025-05-31 05:34:17,061 basehttp 22872 9664 "GET /static/css/style.css HTTP/1.1" 404 1899
INFO 2025-05-31 05:38:41,544 basehttp 22872 14156 "GET /accounts/profile/ HTTP/1.1" 200 31270
WARNING 2025-05-31 05:38:41,615 basehttp 22872 14156 "GET /static/css/style.css HTTP/1.1" 404 1899
INFO 2025-05-31 05:39:04,097 basehttp 22872 8008 "GET /accounts/profile/ HTTP/1.1" 200 23692
WARNING 2025-05-31 05:39:04,180 basehttp 22872 8008 "GET /static/css/style.css HTTP/1.1" 404 1899
INFO 2025-05-31 05:39:45,549 basehttp 22872 22524 "GET / HTTP/1.1" 200 30448
WARNING 2025-05-31 05:39:45,606 basehttp 22872 22524 "GET /static/css/style.css HTTP/1.1" 404 1899
INFO 2025-05-31 05:40:26,029 basehttp 22872 2660 "GET /artists/search/ HTTP/1.1" 200 198349
WARNING 2025-05-31 05:40:26,094 basehttp 22872 2660 "GET /static/css/style.css HTTP/1.1" 404 1899
INFO 2025-05-31 05:40:34,333 basehttp 22872 20676 "GET /artists/1/ HTTP/1.1" 200 33309
WARNING 2025-05-31 05:40:34,369 basehttp 22872 20676 "GET /static/css/style.css HTTP/1.1" 404 1899
INFO 2025-05-31 05:40:49,777 basehttp 22872 25080 - Broken pipe from ('127.0.0.1', 52000)
INFO 2025-05-31 05:41:06,135 basehttp 22872 6568 "GET /artists/1/ HTTP/1.1" 200 33309
WARNING 2025-05-31 05:41:06,175 basehttp 22872 6568 "GET /static/css/style.css HTTP/1.1" 404 1899
INFO 2025-05-31 05:41:25,635 basehttp 22872 25564 - Broken pipe from ('127.0.0.1', 52012)
ERROR 2025-05-31 05:41:42,614 log 22872 19804 Internal Server Error: /artists/search/
Traceback (most recent call last):
  File "D:\projects\TalentZik\venv\lib\site-packages\django\db\backends\utils.py", line 89, in _execute
    return self.cursor.execute(sql, params)
  File "D:\projects\TalentZik\venv\lib\site-packages\django\db\backends\sqlite3\base.py", line 328, in execute
    return super().execute(query, params)
sqlite3.IntegrityError: NOT NULL constraint failed: artists_search_query.user_ip

The above exception was the direct cause of the following exception:

Traceback (most recent call last):
  File "D:\projects\TalentZik\venv\lib\site-packages\django\core\handlers\exception.py", line 55, in inner
    response = get_response(request)
  File "D:\projects\TalentZik\venv\lib\site-packages\django\core\handlers\base.py", line 197, in _get_response
    response = wrapped_callback(request, *callback_args, **callback_kwargs)
  File "D:\projects\TalentZik\venv\lib\site-packages\django\views\generic\base.py", line 104, in view
    return self.dispatch(request, *args, **kwargs)
  File "D:\projects\TalentZik\venv\lib\site-packages\django\views\generic\base.py", line 143, in dispatch
    return handler(request, *args, **kwargs)
  File "D:\projects\TalentZik\venv\lib\site-packages\django\views\generic\base.py", line 226, in get
    context = self.get_context_data(**kwargs)
  File "D:\projects\TalentZik\apps\artists\views.py", line 78, in get_context_data
    SearchQuery.objects.create(
  File "D:\projects\TalentZik\venv\lib\site-packages\django\db\models\manager.py", line 87, in manager_method
    return getattr(self.get_queryset(), name)(*args, **kwargs)
  File "D:\projects\TalentZik\venv\lib\site-packages\django\db\models\query.py", line 658, in create
    obj.save(force_insert=True, using=self.db)
  File "D:\projects\TalentZik\venv\lib\site-packages\django\db\models\base.py", line 814, in save
    self.save_base(
  File "D:\projects\TalentZik\venv\lib\site-packages\django\db\models\base.py", line 877, in save_base
    updated = self._save_table(
  File "D:\projects\TalentZik\venv\lib\site-packages\django\db\models\base.py", line 1020, in _save_table
    results = self._do_insert(
  File "D:\projects\TalentZik\venv\lib\site-packages\django\db\models\base.py", line 1061, in _do_insert
    return manager._insert(
  File "D:\projects\TalentZik\venv\lib\site-packages\django\db\models\manager.py", line 87, in manager_method
    return getattr(self.get_queryset(), name)(*args, **kwargs)
  File "D:\projects\TalentZik\venv\lib\site-packages\django\db\models\query.py", line 1805, in _insert
    return query.get_compiler(using=using).execute_sql(returning_fields)
  File "D:\projects\TalentZik\venv\lib\site-packages\django\db\models\sql\compiler.py", line 1822, in execute_sql
    cursor.execute(sql, params)
  File "D:\projects\TalentZik\venv\lib\site-packages\django\db\backends\utils.py", line 102, in execute
    return super().execute(sql, params)
  File "D:\projects\TalentZik\venv\lib\site-packages\django\db\backends\utils.py", line 67, in execute
    return self._execute_with_wrappers(
  File "D:\projects\TalentZik\venv\lib\site-packages\django\db\backends\utils.py", line 80, in _execute_with_wrappers
    return executor(sql, params, many, context)
  File "D:\projects\TalentZik\venv\lib\site-packages\django\db\backends\utils.py", line 84, in _execute
    with self.db.wrap_database_errors:
  File "D:\projects\TalentZik\venv\lib\site-packages\django\db\utils.py", line 91, in __exit__
    raise dj_exc_value.with_traceback(traceback) from exc_value
  File "D:\projects\TalentZik\venv\lib\site-packages\django\db\backends\utils.py", line 89, in _execute
    return self.cursor.execute(sql, params)
  File "D:\projects\TalentZik\venv\lib\site-packages\django\db\backends\sqlite3\base.py", line 328, in execute
    return super().execute(query, params)
django.db.utils.IntegrityError: NOT NULL constraint failed: artists_search_query.user_ip
ERROR 2025-05-31 05:41:42,628 basehttp 22872 19804 "GET /artists/search/?search=douala&sort_by=-rating_average&region=&city=&min_rating= HTTP/1.1" 500 183827
ERROR 2025-05-31 05:41:56,910 log 22872 19804 Internal Server Error: /artists/search/
Traceback (most recent call last):
  File "D:\projects\TalentZik\venv\lib\site-packages\django\db\backends\utils.py", line 89, in _execute
    return self.cursor.execute(sql, params)
  File "D:\projects\TalentZik\venv\lib\site-packages\django\db\backends\sqlite3\base.py", line 328, in execute
    return super().execute(query, params)
sqlite3.IntegrityError: NOT NULL constraint failed: artists_search_query.user_ip

The above exception was the direct cause of the following exception:

Traceback (most recent call last):
  File "D:\projects\TalentZik\venv\lib\site-packages\django\core\handlers\exception.py", line 55, in inner
    response = get_response(request)
  File "D:\projects\TalentZik\venv\lib\site-packages\django\core\handlers\base.py", line 197, in _get_response
    response = wrapped_callback(request, *callback_args, **callback_kwargs)
  File "D:\projects\TalentZik\venv\lib\site-packages\django\views\generic\base.py", line 104, in view
    return self.dispatch(request, *args, **kwargs)
  File "D:\projects\TalentZik\venv\lib\site-packages\django\views\generic\base.py", line 143, in dispatch
    return handler(request, *args, **kwargs)
  File "D:\projects\TalentZik\venv\lib\site-packages\django\views\generic\base.py", line 226, in get
    context = self.get_context_data(**kwargs)
  File "D:\projects\TalentZik\apps\artists\views.py", line 78, in get_context_data
    SearchQuery.objects.create(
  File "D:\projects\TalentZik\venv\lib\site-packages\django\db\models\manager.py", line 87, in manager_method
    return getattr(self.get_queryset(), name)(*args, **kwargs)
  File "D:\projects\TalentZik\venv\lib\site-packages\django\db\models\query.py", line 658, in create
    obj.save(force_insert=True, using=self.db)
  File "D:\projects\TalentZik\venv\lib\site-packages\django\db\models\base.py", line 814, in save
    self.save_base(
  File "D:\projects\TalentZik\venv\lib\site-packages\django\db\models\base.py", line 877, in save_base
    updated = self._save_table(
  File "D:\projects\TalentZik\venv\lib\site-packages\django\db\models\base.py", line 1020, in _save_table
    results = self._do_insert(
  File "D:\projects\TalentZik\venv\lib\site-packages\django\db\models\base.py", line 1061, in _do_insert
    return manager._insert(
  File "D:\projects\TalentZik\venv\lib\site-packages\django\db\models\manager.py", line 87, in manager_method
    return getattr(self.get_queryset(), name)(*args, **kwargs)
  File "D:\projects\TalentZik\venv\lib\site-packages\django\db\models\query.py", line 1805, in _insert
    return query.get_compiler(using=using).execute_sql(returning_fields)
  File "D:\projects\TalentZik\venv\lib\site-packages\django\db\models\sql\compiler.py", line 1822, in execute_sql
    cursor.execute(sql, params)
  File "D:\projects\TalentZik\venv\lib\site-packages\django\db\backends\utils.py", line 102, in execute
    return super().execute(sql, params)
  File "D:\projects\TalentZik\venv\lib\site-packages\django\db\backends\utils.py", line 67, in execute
    return self._execute_with_wrappers(
  File "D:\projects\TalentZik\venv\lib\site-packages\django\db\backends\utils.py", line 80, in _execute_with_wrappers
    return executor(sql, params, many, context)
  File "D:\projects\TalentZik\venv\lib\site-packages\django\db\backends\utils.py", line 84, in _execute
    with self.db.wrap_database_errors:
  File "D:\projects\TalentZik\venv\lib\site-packages\django\db\utils.py", line 91, in __exit__
    raise dj_exc_value.with_traceback(traceback) from exc_value
  File "D:\projects\TalentZik\venv\lib\site-packages\django\db\backends\utils.py", line 89, in _execute
    return self.cursor.execute(sql, params)
  File "D:\projects\TalentZik\venv\lib\site-packages\django\db\backends\sqlite3\base.py", line 328, in execute
    return super().execute(query, params)
django.db.utils.IntegrityError: NOT NULL constraint failed: artists_search_query.user_ip
ERROR 2025-05-31 05:41:56,919 basehttp 22872 19804 "GET /artists/search/?search=douala&sort_by=-rating_average&region=&city=&min_rating= HTTP/1.1" 500 183827
ERROR 2025-05-31 05:42:14,561 log 22872 19804 Internal Server Error: /artists/search/
Traceback (most recent call last):
  File "D:\projects\TalentZik\venv\lib\site-packages\django\db\backends\utils.py", line 89, in _execute
    return self.cursor.execute(sql, params)
  File "D:\projects\TalentZik\venv\lib\site-packages\django\db\backends\sqlite3\base.py", line 328, in execute
    return super().execute(query, params)
sqlite3.IntegrityError: NOT NULL constraint failed: artists_search_query.user_ip

The above exception was the direct cause of the following exception:

Traceback (most recent call last):
  File "D:\projects\TalentZik\venv\lib\site-packages\django\core\handlers\exception.py", line 55, in inner
    response = get_response(request)
  File "D:\projects\TalentZik\venv\lib\site-packages\django\core\handlers\base.py", line 197, in _get_response
    response = wrapped_callback(request, *callback_args, **callback_kwargs)
  File "D:\projects\TalentZik\venv\lib\site-packages\django\views\generic\base.py", line 104, in view
    return self.dispatch(request, *args, **kwargs)
  File "D:\projects\TalentZik\venv\lib\site-packages\django\views\generic\base.py", line 143, in dispatch
    return handler(request, *args, **kwargs)
  File "D:\projects\TalentZik\venv\lib\site-packages\django\views\generic\base.py", line 226, in get
    context = self.get_context_data(**kwargs)
  File "D:\projects\TalentZik\apps\artists\views.py", line 78, in get_context_data
    SearchQuery.objects.create(
  File "D:\projects\TalentZik\venv\lib\site-packages\django\db\models\manager.py", line 87, in manager_method
    return getattr(self.get_queryset(), name)(*args, **kwargs)
  File "D:\projects\TalentZik\venv\lib\site-packages\django\db\models\query.py", line 658, in create
    obj.save(force_insert=True, using=self.db)
  File "D:\projects\TalentZik\venv\lib\site-packages\django\db\models\base.py", line 814, in save
    self.save_base(
  File "D:\projects\TalentZik\venv\lib\site-packages\django\db\models\base.py", line 877, in save_base
    updated = self._save_table(
  File "D:\projects\TalentZik\venv\lib\site-packages\django\db\models\base.py", line 1020, in _save_table
    results = self._do_insert(
  File "D:\projects\TalentZik\venv\lib\site-packages\django\db\models\base.py", line 1061, in _do_insert
    return manager._insert(
  File "D:\projects\TalentZik\venv\lib\site-packages\django\db\models\manager.py", line 87, in manager_method
    return getattr(self.get_queryset(), name)(*args, **kwargs)
  File "D:\projects\TalentZik\venv\lib\site-packages\django\db\models\query.py", line 1805, in _insert
    return query.get_compiler(using=using).execute_sql(returning_fields)
  File "D:\projects\TalentZik\venv\lib\site-packages\django\db\models\sql\compiler.py", line 1822, in execute_sql
    cursor.execute(sql, params)
  File "D:\projects\TalentZik\venv\lib\site-packages\django\db\backends\utils.py", line 102, in execute
    return super().execute(sql, params)
  File "D:\projects\TalentZik\venv\lib\site-packages\django\db\backends\utils.py", line 67, in execute
    return self._execute_with_wrappers(
  File "D:\projects\TalentZik\venv\lib\site-packages\django\db\backends\utils.py", line 80, in _execute_with_wrappers
    return executor(sql, params, many, context)
  File "D:\projects\TalentZik\venv\lib\site-packages\django\db\backends\utils.py", line 84, in _execute
    with self.db.wrap_database_errors:
  File "D:\projects\TalentZik\venv\lib\site-packages\django\db\utils.py", line 91, in __exit__
    raise dj_exc_value.with_traceback(traceback) from exc_value
  File "D:\projects\TalentZik\venv\lib\site-packages\django\db\backends\utils.py", line 89, in _execute
    return self.cursor.execute(sql, params)
  File "D:\projects\TalentZik\venv\lib\site-packages\django\db\backends\sqlite3\base.py", line 328, in execute
    return super().execute(query, params)
django.db.utils.IntegrityError: NOT NULL constraint failed: artists_search_query.user_ip
ERROR 2025-05-31 05:42:14,570 basehttp 22872 19804 "GET /artists/search/?search=douala&sort_by=-rating_average&region=&city=&min_rating= HTTP/1.1" 500 183827
INFO 2025-05-31 05:43:52,021 autoreload 22872 17036 D:\projects\TalentZik\apps\artists\views.py changed, reloading.
INFO 2025-05-31 05:43:53,245 autoreload 6732 13488 Watching for file changes with StatReloader
INFO 2025-05-31 05:44:32,624 basehttp 6732 23504 "GET /artists/search/ HTTP/1.1" 200 198349
INFO 2025-05-31 05:44:32,662 basehttp 6732 8904 "GET /media/profiles/artists/WhatsApp_Image_2025-03-31_at_16.01.12_f4506dfa.jpg HTTP/1.1" 304 0
WARNING 2025-05-31 05:44:32,675 basehttp 6732 23504 "GET /static/css/style.css HTTP/1.1" 404 1899
INFO 2025-05-31 05:44:40,289 basehttp 6732 8904 "GET /artists/search/?search=douala&sort_by=-rating_average&region=&city=&min_rating= HTTP/1.1" 200 198649
WARNING 2025-05-31 05:44:40,335 basehttp 6732 8904 "GET /static/css/style.css HTTP/1.1" 404 1899
INFO 2025-05-31 05:44:52,135 basehttp 6732 9816 "GET /artists/search/?search=dddddd&sort_by=-rating_average&region=&city=&min_rating= HTTP/1.1" 200 191903
WARNING 2025-05-31 05:44:52,170 basehttp 6732 9816 "GET /static/css/style.css HTTP/1.1" 404 1899
INFO 2025-05-31 05:44:59,521 basehttp 6732 20884 "GET /artists/search/ HTTP/1.1" 200 198349
WARNING 2025-05-31 05:44:59,562 basehttp 6732 20884 "GET /static/css/style.css HTTP/1.1" 404 1899
INFO 2025-05-31 05:45:06,526 basehttp 6732 21792 "GET /artists/1/ HTTP/1.1" 200 33310
WARNING 2025-05-31 05:45:06,563 basehttp 6732 21792 "GET /static/css/style.css HTTP/1.1" 404 1899
INFO 2025-05-31 05:45:14,018 basehttp 6732 23968 "GET / HTTP/1.1" 200 30448
INFO 2025-05-31 05:45:14,026 basehttp 6732 23016 - Broken pipe from ('127.0.0.1', 52184)
WARNING 2025-05-31 05:45:14,073 basehttp 6732 23968 "GET /static/css/style.css HTTP/1.1" 404 1899
